{"name":"1581537440","hostname":"allinerib-pc","pid":13056,"level":20,"msg":"Sync server version: 1.1.10 2020-01-26 18:59:22 -0600 9016f44150843d1d66d5a93b6786f663d70eb596","time":"2020-02-12T19:57:20.015Z","v":0}
{"name":"1581537440","hostname":"allinerib-pc","pid":13056,"level":30,"msg":"Acquiring actors for session 1581537440: ACTOR1","time":"2020-02-12T19:57:20.021Z","v":0}
{"name":"1581537440","hostname":"allinerib-pc","pid":13056,"level":30,"msg":"Session 1581537440 with label \"null\" started at 2020-02-12 19:57:20 UTC","time":"2020-02-12T19:57:20.025Z","v":0}
{"name":"1581537440","hostname":"allinerib-pc","pid":13056,"level":30,"actorType":"ACTOR1","actorId":"52999","msg":"Actor 52999 of type ACTOR1 was acquired by test session 1581537440","time":"2020-02-12T19:57:23.527Z","v":0}
{"name":"1581537440","hostname":"allinerib-pc","pid":13056,"level":20,"actorType":"ACTOR1","actorId":"52999","msg":"DEBUG: Test actor JAR versions:","time":"2020-02-12T19:57:23.537Z","v":0}
{"name":"1581537440","hostname":"allinerib-pc","pid":13056,"level":20,"actorType":"ACTOR1","actorId":"52999","msg":"DEBUG:   opentest-appium-0.0.1.jar: 2020-01-26 18:59 -0600 0.0.1-9016f44150843d1d66d5a93b6786f663d70eb596","time":"2020-02-12T19:57:23.540Z","v":0}
{"name":"1581537440","hostname":"allinerib-pc","pid":13056,"level":20,"actorType":"ACTOR1","actorId":"52999","msg":"DEBUG:   opentest-base-0.0.1.jar: 2020-01-26 18:59 -0600 0.0.1-9016f44150843d1d66d5a93b6786f663d70eb596","time":"2020-02-12T19:57:23.543Z","v":0}
{"name":"1581537440","hostname":"allinerib-pc","pid":13056,"level":20,"actorType":"ACTOR1","actorId":"52999","msg":"DEBUG:   opentest-selenium-0.0.1.jar: 2020-01-26 18:59 -0600 0.0.1-9016f44150843d1d66d5a93b6786f663d70eb596","time":"2020-02-12T19:57:23.546Z","v":0}
{"name":"1581537440","hostname":"allinerib-pc","pid":13056,"level":40,"actorType":"ACTOR1","actorId":"52999","msg":"WARN: Failed to log extension JARs","time":"2020-02-12T19:57:23.565Z","v":0}
{"name":"1581537440","hostname":"allinerib-pc","pid":13056,"level":30,"actorType":"ACTOR1","actorId":"52999","msg":"==================== ACTOR1: web/kiosk ====================","time":"2020-02-12T19:57:23.634Z","v":0}
{"name":"1581537440","hostname":"allinerib-pc","pid":13056,"level":30,"actorType":"ACTOR1","actorId":"52999","msg":"Actor ACTOR1 started executing test web/kiosk...","time":"2020-02-12T19:57:23.637Z","v":0}
{"name":"1581537440","hostname":"allinerib-pc","pid":13056,"level":30,"actorType":"ACTOR1","actorId":"52999","msg":"Executing segment 1 of test web/kiosk...","time":"2020-02-12T19:57:23.661Z","v":0}
{"name":"1581537440","hostname":"allinerib-pc","pid":13056,"level":30,"actorType":"ACTOR1","actorId":"52999","msg":"Evaluating action 1/3 (org.getopentest.selenium.NavigateTo) in segment 1 (openBrowser)...","time":"2020-02-12T19:57:23.665Z","v":0}
{"name":"1581537440","hostname":"allinerib-pc","pid":13056,"level":10,"actorType":"ACTOR1","actorId":"52999","msg":"TRACE: Initializing action org.getopentest.selenium.NavigateTo...","time":"2020-02-12T19:57:23.673Z","v":0}
{"name":"1581537440","hostname":"allinerib-pc","pid":13056,"level":30,"actorType":"ACTOR1","actorId":"52999","msg":"Loading configuration from \"C:\\devqatraining\\actor1\\actor.yaml\"","time":"2020-02-12T19:57:23.685Z","v":0}
{"name":"1581537440","hostname":"allinerib-pc","pid":13056,"level":30,"actorType":"ACTOR1","actorId":"52999","msg":"Using local Selenium server","time":"2020-02-12T19:57:23.693Z","v":0}
{"name":"1581537440","hostname":"allinerib-pc","pid":13056,"level":10,"actorType":"ACTOR1","actorId":"52999","msg":"TRACE: Setting system property \"webdriver.chrome.driver\" to \"C:/Selenium/chromedriver.exe\"","time":"2020-02-12T19:57:23.698Z","v":0}
{"name":"1581537440","hostname":"allinerib-pc","pid":13056,"level":30,"actorType":"ACTOR1","actorId":"52999","msg":"Executing action org.getopentest.selenium.NavigateTo with arguments {\"url\":\"http://localhost:8123/npsharp/kiosk/pos0025/\"}...","time":"2020-02-12T19:57:33.616Z","v":0}
{"name":"1581537440","hostname":"allinerib-pc","pid":13056,"level":30,"actorType":"ACTOR1","actorId":"52999","msg":"Evaluating action 2/3 (script action) in segment 1...","time":"2020-02-12T19:57:34.265Z","v":0}
{"name":"1581537440","hostname":"allinerib-pc","pid":13056,"level":10,"actorType":"ACTOR1","actorId":"52999","msg":"TRACE: Initializing action org.getopentest.base.ScriptAction...","time":"2020-02-12T19:57:34.278Z","v":0}
{"name":"1581537440","hostname":"allinerib-pc","pid":13056,"level":30,"actorType":"ACTOR1","actorId":"52999","msg":"Executing action org.getopentest.base.ScriptAction (no arguments were provided)...","time":"2020-02-12T19:57:34.283Z","v":0}
{"name":"1581537440","hostname":"allinerib-pc","pid":13056,"level":30,"actorType":"ACTOR1","actorId":"52999","msg":"Evaluating action 3/3 (org.getopentest.selenium.Click) in segment 1 (click at order start button)...","time":"2020-02-12T19:58:14.339Z","v":0}
{"name":"1581537440","hostname":"allinerib-pc","pid":13056,"level":10,"actorType":"ACTOR1","actorId":"52999","msg":"TRACE: Initializing action org.getopentest.selenium.Click...","time":"2020-02-12T19:58:14.344Z","v":0}
{"name":"1581537440","hostname":"allinerib-pc","pid":13056,"level":30,"actorType":"ACTOR1","actorId":"52999","msg":"Executing action org.getopentest.selenium.Click with arguments {\"locator\":{\"xpath\":\".//div[@class='start-order']\"}}...","time":"2020-02-12T19:58:14.348Z","v":0}
{"name":"1581537440","hostname":"allinerib-pc","pid":13056,"level":30,"actorType":"ACTOR1","actorId":"52999","msg":"Test session has completed","time":"2020-02-12T19:58:15.300Z","v":0}
{"name":"1581537440","hostname":"allinerib-pc","pid":13056,"level":10,"actorType":"ACTOR1","actorId":"52999","msg":"TRACE: Firing TEST_COMPLETED event...","time":"2020-02-12T19:58:15.307Z","v":0}
{"name":"1581537440","hostname":"allinerib-pc","pid":13056,"level":20,"actorType":"ACTOR1","actorId":"52999","msg":"DEBUG: The browser log entries were: \n >>>>> LEVEL: WARNING | TIMESTAMP: 1581537494538 | MESSAGE: http://localhost:8123/npsharp/kiosk/pos0025/cso/services/logger/logger.js 0:1881 \"20200212 165750.061 WRN at [e.onOutagesChange] Products on outage: []\" >>>>> LEVEL: WARNING | TIMESTAMP: 1581537494544 | MESSAGE: http://localhost:8123/npsharp/kiosk/pos0025/cso/services/logger/logger.js 0:1881 \"20200212 165755.116 WRN at [e.goHome] Cannot execute workflow\"","time":"2020-02-12T19:58:15.324Z","v":0}
{"name":"1581537440","hostname":"allinerib-pc","pid":13056,"level":10,"actorType":"ACTOR1","actorId":"52999","msg":"TRACE: Firing SESSION_COMPLETED event...","time":"2020-02-12T19:58:15.964Z","v":0}
{"name":"1581537440","hostname":"allinerib-pc","pid":13056,"level":30,"actorType":"ACTOR1","actorId":"52999","msg":"Actor 52999 of type ACTOR1 with no tags is waiting to be acquired by a test session...","time":"2020-02-12T19:58:15.971Z","v":0}
{"name":"1581537440","hostname":"allinerib-pc","pid":13056,"level":10,"actorType":"ACTOR1","actorId":"52999","msg":"TRACE: Initializing test session information in the \"announce\" method...","time":"2020-02-12T19:59:02.986Z","v":0}
{"name":"1581537440","hostname":"allinerib-pc","pid":13056,"level":10,"actorType":"ACTOR1","actorId":"52999","msg":"TRACE: Session ID in sync server response was 1581537542; actor session ID was null","time":"2020-02-12T19:59:02.992Z","v":0}
{"name":"1581537440","hostname":"allinerib-pc","pid":13056,"level":30,"actorType":"ACTOR1","actorId":"52999","msg":"There were no entries in the browser log. ","time":"2020-02-12T20:00:49.582Z","v":0}
{"name":"1581537440","hostname":"allinerib-pc","pid":13056,"level":30,"actorType":"ACTOR1","actorId":"52999","msg":"There were no entries in the browser log. ","time":"2020-02-12T20:03:51.822Z","v":0}
