{"name":"1581451490","hostname":"allinerib-pc","pid":26676,"level":20,"msg":"Sync server version: 1.1.10 2020-01-26 18:59:22 -0600 9016f44150843d1d66d5a93b6786f663d70eb596","time":"2020-02-11T20:04:49.937Z","v":0}
{"name":"1581451490","hostname":"allinerib-pc","pid":26676,"level":30,"msg":"Acquiring actors for session 1581451490: ACTOR1","time":"2020-02-11T20:04:49.942Z","v":0}
{"name":"1581451490","hostname":"allinerib-pc","pid":26676,"level":30,"msg":"Session 1581451490 with label \"Session 1581449148 4\" started at 2020-02-11 20:04:49 UTC","time":"2020-02-11T20:04:49.945Z","v":0}
{"name":"1581451490","hostname":"allinerib-pc","pid":26676,"level":30,"actorType":"ACTOR1","actorId":"17814","msg":"Actor 17814 of type ACTOR1 was acquired by test session 1581451490","time":"2020-02-11T20:04:50.277Z","v":0}
{"name":"1581451490","hostname":"allinerib-pc","pid":26676,"level":20,"actorType":"ACTOR1","actorId":"17814","msg":"DEBUG: Test actor JAR versions:","time":"2020-02-11T20:04:50.286Z","v":0}
{"name":"1581451490","hostname":"allinerib-pc","pid":26676,"level":20,"actorType":"ACTOR1","actorId":"17814","msg":"DEBUG:   opentest-appium-0.0.1.jar: 2020-01-26 18:59 -0600 0.0.1-9016f44150843d1d66d5a93b6786f663d70eb596","time":"2020-02-11T20:04:50.290Z","v":0}
{"name":"1581451490","hostname":"allinerib-pc","pid":26676,"level":20,"actorType":"ACTOR1","actorId":"17814","msg":"DEBUG:   opentest-base-0.0.1.jar: 2020-01-26 18:59 -0600 0.0.1-9016f44150843d1d66d5a93b6786f663d70eb596","time":"2020-02-11T20:04:50.294Z","v":0}
{"name":"1581451490","hostname":"allinerib-pc","pid":26676,"level":20,"actorType":"ACTOR1","actorId":"17814","msg":"DEBUG:   opentest-selenium-0.0.1.jar: 2020-01-26 18:59 -0600 0.0.1-9016f44150843d1d66d5a93b6786f663d70eb596","time":"2020-02-11T20:04:50.298Z","v":0}
{"name":"1581451490","hostname":"allinerib-pc","pid":26676,"level":40,"actorType":"ACTOR1","actorId":"17814","msg":"WARN: Failed to log extension JARs","time":"2020-02-11T20:04:50.302Z","v":0}
{"name":"1581451490","hostname":"allinerib-pc","pid":26676,"level":30,"actorType":"ACTOR1","actorId":"17814","msg":"==================== ACTOR1: web/kiosk ====================","time":"2020-02-11T20:04:50.340Z","v":0}
{"name":"1581451490","hostname":"allinerib-pc","pid":26676,"level":30,"actorType":"ACTOR1","actorId":"17814","msg":"Actor ACTOR1 started executing test web/kiosk...","time":"2020-02-11T20:04:50.344Z","v":0}
{"name":"1581451490","hostname":"allinerib-pc","pid":26676,"level":30,"actorType":"ACTOR1","actorId":"17814","msg":"Executing segment 1 of test web/kiosk...","time":"2020-02-11T20:04:50.364Z","v":0}
{"name":"1581451490","hostname":"allinerib-pc","pid":26676,"level":30,"actorType":"ACTOR1","actorId":"17814","msg":"Evaluating action 1/3 (org.getopentest.selenium.NavigateTo) in segment 1 (openBrowser)...","time":"2020-02-11T20:04:50.369Z","v":0}
{"name":"1581451490","hostname":"allinerib-pc","pid":26676,"level":10,"actorType":"ACTOR1","actorId":"17814","msg":"TRACE: Initializing action org.getopentest.selenium.NavigateTo...","time":"2020-02-11T20:04:50.373Z","v":0}
{"name":"1581451490","hostname":"allinerib-pc","pid":26676,"level":30,"actorType":"ACTOR1","actorId":"17814","msg":"Using local Selenium server","time":"2020-02-11T20:04:50.380Z","v":0}
{"name":"1581451490","hostname":"allinerib-pc","pid":26676,"level":10,"actorType":"ACTOR1","actorId":"17814","msg":"TRACE: Setting system property \"webdriver.chrome.driver\" to \"C:/Selenium/chromedriver.exe\"","time":"2020-02-11T20:04:50.383Z","v":0}
{"name":"1581451490","hostname":"allinerib-pc","pid":26676,"level":30,"actorType":"ACTOR1","actorId":"17814","msg":"Executing action org.getopentest.selenium.NavigateTo with arguments {\"url\":\"http://localhost:8123/npsharp/kiosk/pos0025/\"}...","time":"2020-02-11T20:04:59.638Z","v":0}
{"name":"1581451490","hostname":"allinerib-pc","pid":26676,"level":30,"actorType":"ACTOR1","actorId":"17814","msg":"Evaluating action 2/3 (script action) in segment 1...","time":"2020-02-11T20:05:00.163Z","v":0}
{"name":"1581451490","hostname":"allinerib-pc","pid":26676,"level":10,"actorType":"ACTOR1","actorId":"17814","msg":"TRACE: Initializing action org.getopentest.base.ScriptAction...","time":"2020-02-11T20:05:00.168Z","v":0}
{"name":"1581451490","hostname":"allinerib-pc","pid":26676,"level":30,"actorType":"ACTOR1","actorId":"17814","msg":"Executing action org.getopentest.base.ScriptAction (no arguments were provided)...","time":"2020-02-11T20:05:00.173Z","v":0}
{"name":"1581451490","hostname":"allinerib-pc","pid":26676,"level":30,"actorType":"ACTOR1","actorId":"17814","msg":"Evaluating action 3/3 (org.getopentest.selenium.Click) in segment 1 (click at order start button)...","time":"2020-02-11T20:05:40.189Z","v":0}
{"name":"1581451490","hostname":"allinerib-pc","pid":26676,"level":10,"actorType":"ACTOR1","actorId":"17814","msg":"TRACE: Initializing action org.getopentest.selenium.Click...","time":"2020-02-11T20:05:40.194Z","v":0}
{"name":"1581451490","hostname":"allinerib-pc","pid":26676,"level":30,"actorType":"ACTOR1","actorId":"17814","msg":"Executing action org.getopentest.selenium.Click with arguments {\"locator\":{\"xpath\":\".//div[@class='start-order']\"}}...","time":"2020-02-11T20:05:40.199Z","v":0}
{"name":"1581451490","hostname":"allinerib-pc","pid":26676,"level":30,"actorType":"ACTOR1","actorId":"17814","msg":"Test session has completed","time":"2020-02-11T20:05:41.095Z","v":0}
{"name":"1581451490","hostname":"allinerib-pc","pid":26676,"level":10,"actorType":"ACTOR1","actorId":"17814","msg":"TRACE: Firing TEST_COMPLETED event...","time":"2020-02-11T20:05:41.100Z","v":0}
{"name":"1581451490","hostname":"allinerib-pc","pid":26676,"level":10,"actorType":"ACTOR1","actorId":"17814","msg":"TRACE: Firing SESSION_COMPLETED event...","time":"2020-02-11T20:05:41.731Z","v":0}
{"name":"1581451490","hostname":"allinerib-pc","pid":26676,"level":30,"actorType":"ACTOR1","actorId":"17814","msg":"Actor 17814 of type ACTOR1 with no tags is waiting to be acquired by a test session...","time":"2020-02-11T20:05:41.735Z","v":0}
