{"name":"1581619273","hostname":"allinerib-pc","pid":22584,"level":20,"msg":"Sync server version: 1.1.10 2020-01-26 18:59:22 -0600 9016f44150843d1d66d5a93b6786f663d70eb596","time":"2020-02-13T18:41:12.524Z","v":0}
{"name":"1581619273","hostname":"allinerib-pc","pid":22584,"level":30,"msg":"Acquiring actors for session 1581619273: ACTOR1","time":"2020-02-13T18:41:12.531Z","v":0}
{"name":"1581619273","hostname":"allinerib-pc","pid":22584,"level":30,"msg":"Session 1581619273 with label \"Session 1581618494 3\" started at 2020-02-13 18:41:12 UTC","time":"2020-02-13T18:41:12.535Z","v":0}
{"name":"1581619273","hostname":"allinerib-pc","pid":22584,"level":30,"actorType":"ACTOR1","actorId":"46188","msg":"Actor 46188 of type ACTOR1 was acquired by test session 1581619273","time":"2020-02-13T18:41:17.690Z","v":0}
{"name":"1581619273","hostname":"allinerib-pc","pid":22584,"level":20,"actorType":"ACTOR1","actorId":"46188","msg":"DEBUG: Test actor JAR versions:","time":"2020-02-13T18:41:17.700Z","v":0}
{"name":"1581619273","hostname":"allinerib-pc","pid":22584,"level":20,"actorType":"ACTOR1","actorId":"46188","msg":"DEBUG:   opentest-appium-0.0.1.jar: 2020-01-26 18:59 -0600 0.0.1-9016f44150843d1d66d5a93b6786f663d70eb596","time":"2020-02-13T18:41:17.708Z","v":0}
{"name":"1581619273","hostname":"allinerib-pc","pid":22584,"level":20,"actorType":"ACTOR1","actorId":"46188","msg":"DEBUG:   opentest-base-0.0.1.jar: 2020-01-26 18:59 -0600 0.0.1-9016f44150843d1d66d5a93b6786f663d70eb596","time":"2020-02-13T18:41:17.711Z","v":0}
{"name":"1581619273","hostname":"allinerib-pc","pid":22584,"level":20,"actorType":"ACTOR1","actorId":"46188","msg":"DEBUG:   opentest-selenium-0.0.1.jar: 2020-01-26 18:59 -0600 0.0.1-9016f44150843d1d66d5a93b6786f663d70eb596","time":"2020-02-13T18:41:17.715Z","v":0}
{"name":"1581619273","hostname":"allinerib-pc","pid":22584,"level":40,"actorType":"ACTOR1","actorId":"46188","msg":"WARN: Failed to log extension JARs","time":"2020-02-13T18:41:17.719Z","v":0}
{"name":"1581619273","hostname":"allinerib-pc","pid":22584,"level":30,"actorType":"ACTOR1","actorId":"46188","msg":"==================== ACTOR1: web/kiosk ====================","time":"2020-02-13T18:41:17.752Z","v":0}
{"name":"1581619273","hostname":"allinerib-pc","pid":22584,"level":30,"actorType":"ACTOR1","actorId":"46188","msg":"Actor ACTOR1 started executing test web/kiosk...","time":"2020-02-13T18:41:17.756Z","v":0}
{"name":"1581619273","hostname":"allinerib-pc","pid":22584,"level":30,"actorType":"ACTOR1","actorId":"46188","msg":"Executing segment 1 of test web/kiosk...","time":"2020-02-13T18:41:17.783Z","v":0}
{"name":"1581619273","hostname":"allinerib-pc","pid":22584,"level":30,"actorType":"ACTOR1","actorId":"46188","msg":"Evaluating action 1/7 (org.getopentest.selenium.NavigateTo) in segment 1 (openBrowser)...","time":"2020-02-13T18:41:17.787Z","v":0}
{"name":"1581619273","hostname":"allinerib-pc","pid":22584,"level":10,"actorType":"ACTOR1","actorId":"46188","msg":"TRACE: Initializing action org.getopentest.selenium.NavigateTo...","time":"2020-02-13T18:41:17.790Z","v":0}
{"name":"1581619273","hostname":"allinerib-pc","pid":22584,"level":30,"actorType":"ACTOR1","actorId":"46188","msg":"Using local Selenium server","time":"2020-02-13T18:41:17.794Z","v":0}
{"name":"1581619273","hostname":"allinerib-pc","pid":22584,"level":10,"actorType":"ACTOR1","actorId":"46188","msg":"TRACE: Setting system property \"webdriver.chrome.driver\" to \"C:/Selenium/chromedriver.exe\"","time":"2020-02-13T18:41:17.799Z","v":0}
{"name":"1581619273","hostname":"allinerib-pc","pid":22584,"level":30,"actorType":"ACTOR1","actorId":"46188","msg":"Executing action org.getopentest.selenium.NavigateTo with arguments {\"url\":\"http://localhost:8123/npsharp/kiosk/pos0025/\"}...","time":"2020-02-13T18:41:27.333Z","v":0}
{"name":"1581619273","hostname":"allinerib-pc","pid":22584,"level":30,"actorType":"ACTOR1","actorId":"46188","msg":"Evaluating action 2/7 (script action) in segment 1...","time":"2020-02-13T18:41:27.928Z","v":0}
{"name":"1581619273","hostname":"allinerib-pc","pid":22584,"level":10,"actorType":"ACTOR1","actorId":"46188","msg":"TRACE: Initializing action org.getopentest.base.ScriptAction...","time":"2020-02-13T18:41:27.938Z","v":0}
{"name":"1581619273","hostname":"allinerib-pc","pid":22584,"level":30,"actorType":"ACTOR1","actorId":"46188","msg":"Executing action org.getopentest.base.ScriptAction (no arguments were provided)...","time":"2020-02-13T18:41:27.948Z","v":0}
{"name":"1581619273","hostname":"allinerib-pc","pid":22584,"level":30,"actorType":"ACTOR1","actorId":"46188","msg":"Evaluating action 3/7 (org.getopentest.selenium.Click) in segment 1 (click at order start button)...","time":"2020-02-13T18:42:07.969Z","v":0}
{"name":"1581619273","hostname":"allinerib-pc","pid":22584,"level":10,"actorType":"ACTOR1","actorId":"46188","msg":"TRACE: Initializing action org.getopentest.selenium.Click...","time":"2020-02-13T18:42:07.976Z","v":0}
{"name":"1581619273","hostname":"allinerib-pc","pid":22584,"level":30,"actorType":"ACTOR1","actorId":"46188","msg":"Executing action org.getopentest.selenium.Click with arguments {\"locator\":{\"xpath\":\".//div[@class='start-order']\"}}...","time":"2020-02-13T18:42:07.988Z","v":0}
{"name":"1581619273","hostname":"allinerib-pc","pid":22584,"level":30,"actorType":"ACTOR1","actorId":"46188","msg":"Evaluating action 4/7 (org.getopentest.selenium.Click) in segment 1 (click at no thanks button)...","time":"2020-02-13T18:42:08.601Z","v":0}
{"name":"1581619273","hostname":"allinerib-pc","pid":22584,"level":10,"actorType":"ACTOR1","actorId":"46188","msg":"TRACE: Initializing action org.getopentest.selenium.Click...","time":"2020-02-13T18:42:08.623Z","v":0}
{"name":"1581619273","hostname":"allinerib-pc","pid":22584,"level":30,"actorType":"ACTOR1","actorId":"46188","msg":"Executing action org.getopentest.selenium.Click with arguments {\"locator\":{\"xpath\":\"//span[contains(.,'No Thanks')]\"}}...","time":"2020-02-13T18:42:08.645Z","v":0}
{"name":"1581619273","hostname":"allinerib-pc","pid":22584,"level":30,"actorType":"ACTOR1","actorId":"46188","msg":"Evaluating action 5/7 (org.getopentest.selenium.Click) in segment 1 (click at eat in button)...","time":"2020-02-13T18:42:09.015Z","v":0}
{"name":"1581619273","hostname":"allinerib-pc","pid":22584,"level":10,"actorType":"ACTOR1","actorId":"46188","msg":"TRACE: Initializing action org.getopentest.selenium.Click...","time":"2020-02-13T18:42:09.020Z","v":0}
{"name":"1581619273","hostname":"allinerib-pc","pid":22584,"level":30,"actorType":"ACTOR1","actorId":"46188","msg":"Executing action org.getopentest.selenium.Click with arguments {\"locator\":{\"xpath\":\"//span[contains(.,'Eat In')]\"}}...","time":"2020-02-13T18:42:09.024Z","v":0}
{"name":"1581619273","hostname":"allinerib-pc","pid":22584,"level":30,"actorType":"ACTOR1","actorId":"46188","msg":"Evaluating action 6/7 (org.getopentest.selenium.Click) in segment 1 (click at payment at counter button)...","time":"2020-02-13T18:42:09.911Z","v":0}
{"name":"1581619273","hostname":"allinerib-pc","pid":22584,"level":10,"actorType":"ACTOR1","actorId":"46188","msg":"TRACE: Initializing action org.getopentest.selenium.Click...","time":"2020-02-13T18:42:09.915Z","v":0}
{"name":"1581619273","hostname":"allinerib-pc","pid":22584,"level":30,"actorType":"ACTOR1","actorId":"46188","msg":"Executing action org.getopentest.selenium.Click with arguments {\"locator\":{\"xpath\":\"//b[contains(.,'Pay at counter')]\"}}...","time":"2020-02-13T18:42:09.923Z","v":0}
{"name":"1581619273","hostname":"allinerib-pc","pid":22584,"level":30,"actorType":"ACTOR1","actorId":"46188","msg":"Evaluating action 7/7 (org.getopentest.selenium.Click) in segment 1 (verifies if the favorite menu is displayed)...","time":"2020-02-13T18:42:11.132Z","v":0}
{"name":"1581619273","hostname":"allinerib-pc","pid":22584,"level":10,"actorType":"ACTOR1","actorId":"46188","msg":"TRACE: Initializing action org.getopentest.selenium.Click...","time":"2020-02-13T18:42:11.137Z","v":0}
{"name":"1581619273","hostname":"allinerib-pc","pid":22584,"level":30,"actorType":"ACTOR1","actorId":"46188","msg":"Executing action org.getopentest.selenium.Click with arguments {\"locator\":{\"xpath\":\"//span[contains(.,'Recents & Faves')]\"}}...","time":"2020-02-13T18:42:11.141Z","v":0}
{"name":"1581619273","hostname":"allinerib-pc","pid":22584,"level":30,"actorType":"ACTOR1","actorId":"46188","msg":"Test session has completed","time":"2020-02-13T18:42:12.831Z","v":0}
{"name":"1581619273","hostname":"allinerib-pc","pid":22584,"level":10,"actorType":"ACTOR1","actorId":"46188","msg":"TRACE: Firing TEST_COMPLETED event...","time":"2020-02-13T18:42:12.836Z","v":0}
{"name":"1581619273","hostname":"allinerib-pc","pid":22584,"level":10,"actorType":"ACTOR1","actorId":"46188","msg":"TRACE: Firing SESSION_COMPLETED event...","time":"2020-02-13T18:42:13.511Z","v":0}
{"name":"1581619273","hostname":"allinerib-pc","pid":22584,"level":30,"actorType":"ACTOR1","actorId":"46188","msg":"Actor 46188 of type ACTOR1 with no tags is waiting to be acquired by a test session...","time":"2020-02-13T18:42:13.515Z","v":0}
{"name":"1581619273","hostname":"allinerib-pc","pid":22584,"level":10,"actorType":"ACTOR1","actorId":"46188","msg":"TRACE: Initializing test session information in the \"announce\" method...","time":"2020-02-13T18:57:12.726Z","v":0}
{"name":"1581619273","hostname":"allinerib-pc","pid":22584,"level":10,"actorType":"ACTOR1","actorId":"46188","msg":"TRACE: Session ID in sync server response was 1581620232; actor session ID was null","time":"2020-02-13T18:57:12.730Z","v":0}
