{"name":"1581691209","hostname":"allinerib-pc","pid":25216,"level":20,"msg":"Sync server version: 1.1.10 2020-01-26 18:59:22 -0600 9016f44150843d1d66d5a93b6786f663d70eb596","time":"2020-02-14T14:40:08.839Z","v":0}
{"name":"1581691209","hostname":"allinerib-pc","pid":25216,"level":30,"msg":"Acquiring actors for session 1581691209: ACTOR1","time":"2020-02-14T14:40:08.841Z","v":0}
{"name":"1581691209","hostname":"allinerib-pc","pid":25216,"level":30,"msg":"Session 1581691209 with label \"Session 1581691162 2\" started at 2020-02-14 14:40:08 UTC","time":"2020-02-14T14:40:08.844Z","v":0}
{"name":"1581691209","hostname":"allinerib-pc","pid":25216,"level":30,"actorType":"ACTOR1","actorId":"61801","msg":"Actor 61801 of type ACTOR1 was acquired by test session 1581691209","time":"2020-02-14T14:40:11.867Z","v":0}
{"name":"1581691209","hostname":"allinerib-pc","pid":25216,"level":20,"actorType":"ACTOR1","actorId":"61801","msg":"DEBUG: Test actor JAR versions:","time":"2020-02-14T14:40:11.876Z","v":0}
{"name":"1581691209","hostname":"allinerib-pc","pid":25216,"level":20,"actorType":"ACTOR1","actorId":"61801","msg":"DEBUG:   opentest-appium-0.0.1.jar: 2020-01-26 18:59 -0600 0.0.1-9016f44150843d1d66d5a93b6786f663d70eb596","time":"2020-02-14T14:40:11.882Z","v":0}
{"name":"1581691209","hostname":"allinerib-pc","pid":25216,"level":20,"actorType":"ACTOR1","actorId":"61801","msg":"DEBUG:   opentest-base-0.0.1.jar: 2020-01-26 18:59 -0600 0.0.1-9016f44150843d1d66d5a93b6786f663d70eb596","time":"2020-02-14T14:40:11.886Z","v":0}
{"name":"1581691209","hostname":"allinerib-pc","pid":25216,"level":20,"actorType":"ACTOR1","actorId":"61801","msg":"DEBUG:   opentest-selenium-0.0.1.jar: 2020-01-26 18:59 -0600 0.0.1-9016f44150843d1d66d5a93b6786f663d70eb596","time":"2020-02-14T14:40:11.890Z","v":0}
{"name":"1581691209","hostname":"allinerib-pc","pid":25216,"level":40,"actorType":"ACTOR1","actorId":"61801","msg":"WARN: Failed to log extension JARs","time":"2020-02-14T14:40:11.893Z","v":0}
{"name":"1581691209","hostname":"allinerib-pc","pid":25216,"level":30,"actorType":"ACTOR1","actorId":"61801","msg":"==================== ACTOR1: web/kiosk ====================","time":"2020-02-14T14:40:11.926Z","v":0}
{"name":"1581691209","hostname":"allinerib-pc","pid":25216,"level":30,"actorType":"ACTOR1","actorId":"61801","msg":"Actor ACTOR1 started executing test web/kiosk...","time":"2020-02-14T14:40:11.930Z","v":0}
{"name":"1581691209","hostname":"allinerib-pc","pid":25216,"level":30,"actorType":"ACTOR1","actorId":"61801","msg":"Executing segment 1 of test web/kiosk...","time":"2020-02-14T14:40:11.951Z","v":0}
{"name":"1581691209","hostname":"allinerib-pc","pid":25216,"level":30,"actorType":"ACTOR1","actorId":"61801","msg":"Evaluating action 1/6 (org.getopentest.selenium.NavigateTo) in segment 1 (openBrowser)...","time":"2020-02-14T14:40:11.955Z","v":0}
{"name":"1581691209","hostname":"allinerib-pc","pid":25216,"level":10,"actorType":"ACTOR1","actorId":"61801","msg":"TRACE: Initializing action org.getopentest.selenium.NavigateTo...","time":"2020-02-14T14:40:11.958Z","v":0}
{"name":"1581691209","hostname":"allinerib-pc","pid":25216,"level":30,"actorType":"ACTOR1","actorId":"61801","msg":"Using local Selenium server","time":"2020-02-14T14:40:11.962Z","v":0}
{"name":"1581691209","hostname":"allinerib-pc","pid":25216,"level":10,"actorType":"ACTOR1","actorId":"61801","msg":"TRACE: Setting system property \"webdriver.chrome.driver\" to \"C:/Selenium/chromedriver.exe\"","time":"2020-02-14T14:40:11.966Z","v":0}
{"name":"1581691209","hostname":"allinerib-pc","pid":25216,"level":30,"actorType":"ACTOR1","actorId":"61801","msg":"Executing action org.getopentest.selenium.NavigateTo with arguments {\"url\":\"http://localhost:8123/npsharp/kiosk/pos0025/\"}...","time":"2020-02-14T14:40:21.530Z","v":0}
{"name":"1581691209","hostname":"allinerib-pc","pid":25216,"level":30,"actorType":"ACTOR1","actorId":"61801","msg":"Evaluating action 2/6 (script action) in segment 1...","time":"2020-02-14T14:40:22.032Z","v":0}
{"name":"1581691209","hostname":"allinerib-pc","pid":25216,"level":10,"actorType":"ACTOR1","actorId":"61801","msg":"TRACE: Initializing action org.getopentest.base.ScriptAction...","time":"2020-02-14T14:40:22.039Z","v":0}
{"name":"1581691209","hostname":"allinerib-pc","pid":25216,"level":30,"actorType":"ACTOR1","actorId":"61801","msg":"Executing action org.getopentest.base.ScriptAction (no arguments were provided)...","time":"2020-02-14T14:40:22.043Z","v":0}
{"name":"1581691209","hostname":"allinerib-pc","pid":25216,"level":30,"actorType":"ACTOR1","actorId":"61801","msg":"Evaluating action 3/6 (org.getopentest.selenium.Click) in segment 1 (click at \"Accessibility\" button)...","time":"2020-02-14T14:40:42.051Z","v":0}
{"name":"1581691209","hostname":"allinerib-pc","pid":25216,"level":10,"actorType":"ACTOR1","actorId":"61801","msg":"TRACE: Initializing action org.getopentest.selenium.Click...","time":"2020-02-14T14:40:42.055Z","v":0}
{"name":"1581691209","hostname":"allinerib-pc","pid":25216,"level":30,"actorType":"ACTOR1","actorId":"61801","msg":"Executing action org.getopentest.selenium.Click with arguments {\"locator\":{\"xpath\":\"//span[contains(.,'Accessibility')]\"}}...","time":"2020-02-14T14:40:42.060Z","v":0}
{"name":"1581691209","hostname":"allinerib-pc","pid":25216,"level":30,"actorType":"ACTOR1","actorId":"61801","msg":"Evaluating action 4/6 (org.getopentest.selenium.Click) in segment 1 (click at \"No thanks\" button)...","time":"2020-02-14T14:40:42.495Z","v":0}
{"name":"1581691209","hostname":"allinerib-pc","pid":25216,"level":10,"actorType":"ACTOR1","actorId":"61801","msg":"TRACE: Initializing action org.getopentest.selenium.Click...","time":"2020-02-14T14:40:42.502Z","v":0}
{"name":"1581691209","hostname":"allinerib-pc","pid":25216,"level":30,"actorType":"ACTOR1","actorId":"61801","msg":"Executing action org.getopentest.selenium.Click with arguments {\"locator\":{\"xpath\":\"//span[contains(.,'No Thanks')]\"}}...","time":"2020-02-14T14:40:42.509Z","v":0}
{"name":"1581691209","hostname":"allinerib-pc","pid":25216,"level":30,"actorType":"ACTOR1","actorId":"61801","msg":"Evaluating action 5/6 (org.getopentest.selenium.Click) in segment 1 (click at \"Eat In\" button)...","time":"2020-02-14T14:40:42.846Z","v":0}
{"name":"1581691209","hostname":"allinerib-pc","pid":25216,"level":10,"actorType":"ACTOR1","actorId":"61801","msg":"TRACE: Initializing action org.getopentest.selenium.Click...","time":"2020-02-14T14:40:42.851Z","v":0}
{"name":"1581691209","hostname":"allinerib-pc","pid":25216,"level":30,"actorType":"ACTOR1","actorId":"61801","msg":"Executing action org.getopentest.selenium.Click with arguments {\"locator\":{\"xpath\":\"//span[contains(.,'Eat In')]\"}}...","time":"2020-02-14T14:40:42.856Z","v":0}
{"name":"1581691209","hostname":"allinerib-pc","pid":25216,"level":30,"actorType":"ACTOR1","actorId":"61801","msg":"Evaluating action 6/6 (org.getopentest.selenium.Click) in segment 1 (click at \"Pay at counter\" button)...","time":"2020-02-14T14:40:43.548Z","v":0}
{"name":"1581691209","hostname":"allinerib-pc","pid":25216,"level":10,"actorType":"ACTOR1","actorId":"61801","msg":"TRACE: Initializing action org.getopentest.selenium.Click...","time":"2020-02-14T14:40:43.553Z","v":0}
{"name":"1581691209","hostname":"allinerib-pc","pid":25216,"level":30,"actorType":"ACTOR1","actorId":"61801","msg":"Executing action org.getopentest.selenium.Click with arguments {\"locator\":{\"xpath\":\"//b[contains(.,'Pay at counter')]\"}}...","time":"2020-02-14T14:40:43.557Z","v":0}
{"name":"1581691209","hostname":"allinerib-pc","pid":25216,"level":30,"actorType":"ACTOR1","actorId":"61801","msg":"Test session has completed","time":"2020-02-14T14:40:45.253Z","v":0}
{"name":"1581691209","hostname":"allinerib-pc","pid":25216,"level":10,"actorType":"ACTOR1","actorId":"61801","msg":"TRACE: Firing TEST_COMPLETED event...","time":"2020-02-14T14:40:45.257Z","v":0}
{"name":"1581691209","hostname":"allinerib-pc","pid":25216,"level":10,"actorType":"ACTOR1","actorId":"61801","msg":"TRACE: Firing SESSION_COMPLETED event...","time":"2020-02-14T14:40:45.932Z","v":0}
{"name":"1581691209","hostname":"allinerib-pc","pid":25216,"level":30,"actorType":"ACTOR1","actorId":"61801","msg":"Actor 61801 of type ACTOR1 with no tags is waiting to be acquired by a test session...","time":"2020-02-14T14:40:45.936Z","v":0}
{"name":"1581691209","hostname":"allinerib-pc","pid":25216,"level":10,"actorType":"ACTOR1","actorId":"61801","msg":"TRACE: Initializing test session information in the \"announce\" method...","time":"2020-02-14T14:44:11.553Z","v":0}
{"name":"1581691209","hostname":"allinerib-pc","pid":25216,"level":10,"actorType":"ACTOR1","actorId":"61801","msg":"TRACE: Session ID in sync server response was 1581691449; actor session ID was null","time":"2020-02-14T14:44:11.559Z","v":0}
