{"name":"1581620232","hostname":"allinerib-pc","pid":22584,"level":20,"msg":"Sync server version: 1.1.10 2020-01-26 18:59:22 -0600 9016f44150843d1d66d5a93b6786f663d70eb596","time":"2020-02-13T18:57:11.533Z","v":0}
{"name":"1581620232","hostname":"allinerib-pc","pid":22584,"level":30,"msg":"Acquiring actors for session 1581620232: ACTOR1","time":"2020-02-13T18:57:11.544Z","v":0}
{"name":"1581620232","hostname":"allinerib-pc","pid":22584,"level":30,"msg":"Session 1581620232 with label \"null\" started at 2020-02-13 18:57:11 UTC","time":"2020-02-13T18:57:11.547Z","v":0}
{"name":"1581620232","hostname":"allinerib-pc","pid":22584,"level":30,"actorType":"ACTOR1","actorId":"46188","msg":"Actor 46188 of type ACTOR1 was acquired by test session 1581620232","time":"2020-02-13T18:57:12.967Z","v":0}
{"name":"1581620232","hostname":"allinerib-pc","pid":22584,"level":20,"actorType":"ACTOR1","actorId":"46188","msg":"DEBUG: Test actor JAR versions:","time":"2020-02-13T18:57:12.978Z","v":0}
{"name":"1581620232","hostname":"allinerib-pc","pid":22584,"level":20,"actorType":"ACTOR1","actorId":"46188","msg":"DEBUG:   opentest-appium-0.0.1.jar: 2020-01-26 18:59 -0600 0.0.1-9016f44150843d1d66d5a93b6786f663d70eb596","time":"2020-02-13T18:57:12.981Z","v":0}
{"name":"1581620232","hostname":"allinerib-pc","pid":22584,"level":20,"actorType":"ACTOR1","actorId":"46188","msg":"DEBUG:   opentest-base-0.0.1.jar: 2020-01-26 18:59 -0600 0.0.1-9016f44150843d1d66d5a93b6786f663d70eb596","time":"2020-02-13T18:57:12.985Z","v":0}
{"name":"1581620232","hostname":"allinerib-pc","pid":22584,"level":20,"actorType":"ACTOR1","actorId":"46188","msg":"DEBUG:   opentest-selenium-0.0.1.jar: 2020-01-26 18:59 -0600 0.0.1-9016f44150843d1d66d5a93b6786f663d70eb596","time":"2020-02-13T18:57:12.989Z","v":0}
{"name":"1581620232","hostname":"allinerib-pc","pid":22584,"level":40,"actorType":"ACTOR1","actorId":"46188","msg":"WARN: Failed to log extension JARs","time":"2020-02-13T18:57:12.992Z","v":0}
{"name":"1581620232","hostname":"allinerib-pc","pid":22584,"level":30,"actorType":"ACTOR1","actorId":"46188","msg":"==================== ACTOR1: web/kiosk ====================","time":"2020-02-13T18:57:13.040Z","v":0}
{"name":"1581620232","hostname":"allinerib-pc","pid":22584,"level":30,"actorType":"ACTOR1","actorId":"46188","msg":"Actor ACTOR1 started executing test web/kiosk...","time":"2020-02-13T18:57:13.043Z","v":0}
{"name":"1581620232","hostname":"allinerib-pc","pid":22584,"level":30,"actorType":"ACTOR1","actorId":"46188","msg":"Executing segment 1 of test web/kiosk...","time":"2020-02-13T18:57:13.068Z","v":0}
{"name":"1581620232","hostname":"allinerib-pc","pid":22584,"level":30,"actorType":"ACTOR1","actorId":"46188","msg":"Evaluating action 1/7 (org.getopentest.selenium.NavigateTo) in segment 1 (openBrowser)...","time":"2020-02-13T18:57:13.073Z","v":0}
{"name":"1581620232","hostname":"allinerib-pc","pid":22584,"level":10,"actorType":"ACTOR1","actorId":"46188","msg":"TRACE: Initializing action org.getopentest.selenium.NavigateTo...","time":"2020-02-13T18:57:13.077Z","v":0}
{"name":"1581620232","hostname":"allinerib-pc","pid":22584,"level":30,"actorType":"ACTOR1","actorId":"46188","msg":"Using local Selenium server","time":"2020-02-13T18:57:13.081Z","v":0}
{"name":"1581620232","hostname":"allinerib-pc","pid":22584,"level":10,"actorType":"ACTOR1","actorId":"46188","msg":"TRACE: Setting system property \"webdriver.chrome.driver\" to \"C:/Selenium/chromedriver.exe\"","time":"2020-02-13T18:57:13.087Z","v":0}
{"name":"1581620232","hostname":"allinerib-pc","pid":22584,"level":30,"actorType":"ACTOR1","actorId":"46188","msg":"Executing action org.getopentest.selenium.NavigateTo with arguments {\"url\":\"http://localhost:8123/npsharp/kiosk/pos0025/\"}...","time":"2020-02-13T18:57:22.681Z","v":0}
{"name":"1581620232","hostname":"allinerib-pc","pid":22584,"level":30,"actorType":"ACTOR1","actorId":"46188","msg":"Evaluating action 2/7 (script action) in segment 1...","time":"2020-02-13T18:57:23.184Z","v":0}
{"name":"1581620232","hostname":"allinerib-pc","pid":22584,"level":10,"actorType":"ACTOR1","actorId":"46188","msg":"TRACE: Initializing action org.getopentest.base.ScriptAction...","time":"2020-02-13T18:57:23.189Z","v":0}
{"name":"1581620232","hostname":"allinerib-pc","pid":22584,"level":30,"actorType":"ACTOR1","actorId":"46188","msg":"Executing action org.getopentest.base.ScriptAction (no arguments were provided)...","time":"2020-02-13T18:57:23.194Z","v":0}
{"name":"1581620232","hostname":"allinerib-pc","pid":22584,"level":30,"actorType":"ACTOR1","actorId":"46188","msg":"Evaluating action 3/7 (org.getopentest.selenium.Click) in segment 1 (click at order start button)...","time":"2020-02-13T18:58:03.208Z","v":0}
{"name":"1581620232","hostname":"allinerib-pc","pid":22584,"level":10,"actorType":"ACTOR1","actorId":"46188","msg":"TRACE: Initializing action org.getopentest.selenium.Click...","time":"2020-02-13T18:58:03.212Z","v":0}
{"name":"1581620232","hostname":"allinerib-pc","pid":22584,"level":30,"actorType":"ACTOR1","actorId":"46188","msg":"Executing action org.getopentest.selenium.Click with arguments {\"locator\":{\"xpath\":\".//div[@class='start-order']\"}}...","time":"2020-02-13T18:58:03.216Z","v":0}
{"name":"1581620232","hostname":"allinerib-pc","pid":22584,"level":30,"actorType":"ACTOR1","actorId":"46188","msg":"Evaluating action 4/7 (org.getopentest.selenium.Click) in segment 1 (click at no thanks button)...","time":"2020-02-13T18:58:03.650Z","v":0}
{"name":"1581620232","hostname":"allinerib-pc","pid":22584,"level":10,"actorType":"ACTOR1","actorId":"46188","msg":"TRACE: Initializing action org.getopentest.selenium.Click...","time":"2020-02-13T18:58:03.663Z","v":0}
{"name":"1581620232","hostname":"allinerib-pc","pid":22584,"level":30,"actorType":"ACTOR1","actorId":"46188","msg":"Executing action org.getopentest.selenium.Click with arguments {\"locator\":{\"xpath\":\"//span[contains(.,'No Thanks')]\"}}...","time":"2020-02-13T18:58:03.677Z","v":0}
{"name":"1581620232","hostname":"allinerib-pc","pid":22584,"level":30,"actorType":"ACTOR1","actorId":"46188","msg":"Evaluating action 5/7 (org.getopentest.selenium.Click) in segment 1 (click at eat in button)...","time":"2020-02-13T18:58:03.979Z","v":0}
{"name":"1581620232","hostname":"allinerib-pc","pid":22584,"level":10,"actorType":"ACTOR1","actorId":"46188","msg":"TRACE: Initializing action org.getopentest.selenium.Click...","time":"2020-02-13T18:58:03.984Z","v":0}
{"name":"1581620232","hostname":"allinerib-pc","pid":22584,"level":30,"actorType":"ACTOR1","actorId":"46188","msg":"Executing action org.getopentest.selenium.Click with arguments {\"locator\":{\"xpath\":\"//span[contains(.,'Eat In')]\"}}...","time":"2020-02-13T18:58:03.989Z","v":0}
{"name":"1581620232","hostname":"allinerib-pc","pid":22584,"level":30,"actorType":"ACTOR1","actorId":"46188","msg":"Evaluating action 6/7 (org.getopentest.selenium.Click) in segment 1 (click at payment at counter button)...","time":"2020-02-13T18:58:04.883Z","v":0}
{"name":"1581620232","hostname":"allinerib-pc","pid":22584,"level":10,"actorType":"ACTOR1","actorId":"46188","msg":"TRACE: Initializing action org.getopentest.selenium.Click...","time":"2020-02-13T18:58:04.887Z","v":0}
{"name":"1581620232","hostname":"allinerib-pc","pid":22584,"level":30,"actorType":"ACTOR1","actorId":"46188","msg":"Executing action org.getopentest.selenium.Click with arguments {\"locator\":{\"xpath\":\"//b[contains(.,'Pay at counter')]\"}}...","time":"2020-02-13T18:58:04.891Z","v":0}
{"name":"1581620232","hostname":"allinerib-pc","pid":22584,"level":30,"actorType":"ACTOR1","actorId":"46188","msg":"Evaluating action 7/7 (org.getopentest.selenium.AssertElementVisible) in segment 1 (Verify if the favorite menu is visible)...","time":"2020-02-13T18:58:06.082Z","v":0}
{"name":"1581620232","hostname":"allinerib-pc","pid":22584,"level":10,"actorType":"ACTOR1","actorId":"46188","msg":"TRACE: Initializing action org.getopentest.selenium.AssertElementVisible...","time":"2020-02-13T18:58:06.087Z","v":0}
{"name":"1581620232","hostname":"allinerib-pc","pid":22584,"level":30,"actorType":"ACTOR1","actorId":"46188","msg":"Executing action org.getopentest.selenium.AssertElementVisible with arguments {\"locator\":{\"xpath\":\"//span[contains(.,'Recents & Faves')]\"}}...","time":"2020-02-13T18:58:06.090Z","v":0}
{"name":"1581620232","hostname":"allinerib-pc","pid":22584,"level":30,"actorType":"ACTOR1","actorId":"46188","msg":"Test session has completed","time":"2020-02-13T18:58:07.225Z","v":0}
{"name":"1581620232","hostname":"allinerib-pc","pid":22584,"level":10,"actorType":"ACTOR1","actorId":"46188","msg":"TRACE: Firing TEST_COMPLETED event...","time":"2020-02-13T18:58:07.230Z","v":0}
{"name":"1581620232","hostname":"allinerib-pc","pid":22584,"level":10,"actorType":"ACTOR1","actorId":"46188","msg":"TRACE: Firing SESSION_COMPLETED event...","time":"2020-02-13T18:58:07.901Z","v":0}
{"name":"1581620232","hostname":"allinerib-pc","pid":22584,"level":30,"actorType":"ACTOR1","actorId":"46188","msg":"Actor 46188 of type ACTOR1 with no tags is waiting to be acquired by a test session...","time":"2020-02-13T18:58:07.904Z","v":0}
