{"name":"1581446802","hostname":"allinerib-pc","pid":26676,"level":20,"msg":"Sync server version: 1.1.10 2020-01-26 18:59:22 -0600 9016f44150843d1d66d5a93b6786f663d70eb596","time":"2020-02-11T18:46:42.137Z","v":0}
{"name":"1581446802","hostname":"allinerib-pc","pid":26676,"level":30,"msg":"Acquiring actors for session 1581446802: ACTOR1","time":"2020-02-11T18:46:42.141Z","v":0}
{"name":"1581446802","hostname":"allinerib-pc","pid":26676,"level":30,"msg":"Session 1581446802 with label \"Session 1581446616 3\" started at 2020-02-11 18:46:42 UTC","time":"2020-02-11T18:46:42.143Z","v":0}
{"name":"1581446802","hostname":"allinerib-pc","pid":26676,"level":30,"actorType":"ACTOR1","actorId":"45766","msg":"Actor 45766 of type ACTOR1 was acquired by test session 1581446802","time":"2020-02-11T18:46:45.734Z","v":0}
{"name":"1581446802","hostname":"allinerib-pc","pid":26676,"level":20,"actorType":"ACTOR1","actorId":"45766","msg":"DEBUG: Test actor JAR versions:","time":"2020-02-11T18:46:45.744Z","v":0}
{"name":"1581446802","hostname":"allinerib-pc","pid":26676,"level":20,"actorType":"ACTOR1","actorId":"45766","msg":"DEBUG:   opentest-appium-0.0.1.jar: 2020-01-26 18:59 -0600 0.0.1-9016f44150843d1d66d5a93b6786f663d70eb596","time":"2020-02-11T18:46:45.748Z","v":0}
{"name":"1581446802","hostname":"allinerib-pc","pid":26676,"level":20,"actorType":"ACTOR1","actorId":"45766","msg":"DEBUG:   opentest-base-0.0.1.jar: 2020-01-26 18:59 -0600 0.0.1-9016f44150843d1d66d5a93b6786f663d70eb596","time":"2020-02-11T18:46:45.751Z","v":0}
{"name":"1581446802","hostname":"allinerib-pc","pid":26676,"level":20,"actorType":"ACTOR1","actorId":"45766","msg":"DEBUG:   opentest-selenium-0.0.1.jar: 2020-01-26 18:59 -0600 0.0.1-9016f44150843d1d66d5a93b6786f663d70eb596","time":"2020-02-11T18:46:45.756Z","v":0}
{"name":"1581446802","hostname":"allinerib-pc","pid":26676,"level":40,"actorType":"ACTOR1","actorId":"45766","msg":"WARN: Failed to log extension JARs","time":"2020-02-11T18:46:45.760Z","v":0}
{"name":"1581446802","hostname":"allinerib-pc","pid":26676,"level":30,"actorType":"ACTOR1","actorId":"45766","msg":"==================== ACTOR1: web/Find the React repo on GitHub's website ====================","time":"2020-02-11T18:46:45.796Z","v":0}
{"name":"1581446802","hostname":"allinerib-pc","pid":26676,"level":30,"actorType":"ACTOR1","actorId":"45766","msg":"Actor ACTOR1 started executing test web/Find the React repo on GitHub's website...","time":"2020-02-11T18:46:45.802Z","v":0}
{"name":"1581446802","hostname":"allinerib-pc","pid":26676,"level":30,"actorType":"ACTOR1","actorId":"45766","msg":"Executing segment 1 of test web/Find the React repo on GitHub's website...","time":"2020-02-11T18:46:45.821Z","v":0}
{"name":"1581446802","hostname":"allinerib-pc","pid":26676,"level":30,"actorType":"ACTOR1","actorId":"45766","msg":"Evaluating action 1/4 (org.getopentest.selenium.NavigateTo) in segment 1 (Navigate to the GitHub homepage)...","time":"2020-02-11T18:46:45.824Z","v":0}
{"name":"1581446802","hostname":"allinerib-pc","pid":26676,"level":10,"actorType":"ACTOR1","actorId":"45766","msg":"TRACE: Initializing action org.getopentest.selenium.NavigateTo...","time":"2020-02-11T18:46:45.827Z","v":0}
{"name":"1581446802","hostname":"allinerib-pc","pid":26676,"level":30,"actorType":"ACTOR1","actorId":"45766","msg":"Using local Selenium server","time":"2020-02-11T18:46:45.830Z","v":0}
{"name":"1581446802","hostname":"allinerib-pc","pid":26676,"level":10,"actorType":"ACTOR1","actorId":"45766","msg":"TRACE: Setting system property \"webdriver.chrome.driver\" to \"C:/Selenium/chromedriver.exe\"","time":"2020-02-11T18:46:45.836Z","v":0}
{"name":"1581446802","hostname":"allinerib-pc","pid":26676,"level":30,"actorType":"ACTOR1","actorId":"45766","msg":"Executing action org.getopentest.selenium.NavigateTo with arguments {\"url\":\"https://github.com/\"}...","time":"2020-02-11T18:46:55.415Z","v":0}
{"name":"1581446802","hostname":"allinerib-pc","pid":26676,"level":30,"actorType":"ACTOR1","actorId":"45766","msg":"Evaluating action 2/4 (org.getopentest.selenium.SendKeys) in segment 1 (Enter \"react\" in the search box)...","time":"2020-02-11T18:46:56.797Z","v":0}
{"name":"1581446802","hostname":"allinerib-pc","pid":26676,"level":10,"actorType":"ACTOR1","actorId":"45766","msg":"TRACE: Initializing action org.getopentest.selenium.SendKeys...","time":"2020-02-11T18:46:56.801Z","v":0}
{"name":"1581446802","hostname":"allinerib-pc","pid":26676,"level":30,"actorType":"ACTOR1","actorId":"45766","msg":"Executing action org.getopentest.selenium.SendKeys with arguments {\"text\":\"react\",\"locator\":{\"css\":\"input[name='q']\"},\"sendEnter\":true}...","time":"2020-02-11T18:46:56.805Z","v":0}
{"name":"1581446802","hostname":"allinerib-pc","pid":26676,"level":30,"actorType":"ACTOR1","actorId":"45766","msg":"Evaluating action 3/4 (org.getopentest.selenium.Click) in segment 1 (Click the React link in the search results)...","time":"2020-02-11T18:46:58.075Z","v":0}
{"name":"1581446802","hostname":"allinerib-pc","pid":26676,"level":10,"actorType":"ACTOR1","actorId":"45766","msg":"TRACE: Initializing action org.getopentest.selenium.Click...","time":"2020-02-11T18:46:58.079Z","v":0}
{"name":"1581446802","hostname":"allinerib-pc","pid":26676,"level":30,"actorType":"ACTOR1","actorId":"45766","msg":"Executing action org.getopentest.selenium.Click with arguments {\"locator\":{\"css\":\"a[href='/facebook/react']\"}}...","time":"2020-02-11T18:46:58.083Z","v":0}
{"name":"1581446802","hostname":"allinerib-pc","pid":26676,"level":30,"actorType":"ACTOR1","actorId":"45766","msg":"Evaluating action 4/4 (org.getopentest.selenium.AssertElementVisible) in segment 1 (Verify that the Clone button exists and is visible)...","time":"2020-02-11T18:46:59.407Z","v":0}
{"name":"1581446802","hostname":"allinerib-pc","pid":26676,"level":10,"actorType":"ACTOR1","actorId":"45766","msg":"TRACE: Initializing action org.getopentest.selenium.AssertElementVisible...","time":"2020-02-11T18:46:59.412Z","v":0}
{"name":"1581446802","hostname":"allinerib-pc","pid":26676,"level":30,"actorType":"ACTOR1","actorId":"45766","msg":"Executing action org.getopentest.selenium.AssertElementVisible with arguments {\"locator\":{\"xpath\":\"//*[contains(@class,'btn')][contains(text(),'Clone')]\"}}...","time":"2020-02-11T18:46:59.416Z","v":0}
{"name":"1581446802","hostname":"allinerib-pc","pid":26676,"level":30,"actorType":"ACTOR1","actorId":"45766","msg":"Test session has completed","time":"2020-02-11T18:47:00.021Z","v":0}
{"name":"1581446802","hostname":"allinerib-pc","pid":26676,"level":10,"actorType":"ACTOR1","actorId":"45766","msg":"TRACE: Firing TEST_COMPLETED event...","time":"2020-02-11T18:47:00.025Z","v":0}
{"name":"1581446802","hostname":"allinerib-pc","pid":26676,"level":50,"actorType":"ACTOR1","actorId":"45766","msg":"ERROR: The \"runOneSession\" method failed","time":"2020-02-11T18:47:00.034Z","v":0}
{"name":"1581446802","hostname":"allinerib-pc","pid":26676,"level":50,"actorType":"ACTOR1","actorId":"45766","msg":"ERROR: java.lang.NullPointerException\r\n\tat org.getopentest.selenium.core.SeleniumTestAction$1.update(SeleniumTestAction.java:190)\r\n\tat java.util.Observable.notifyObservers(Unknown Source)\r\n\tat org.getopentest.base.TestActor.runOneSession(TestActor.java:2924)\r\n\tat org.getopentest.base.TestActor.runOneSession(TestActor.java:2935)\r\n\tat org.getopentest.Main.main(Main.java:20)\r\n","time":"2020-02-11T18:47:00.042Z","v":0}
{"name":"1581446802","hostname":"allinerib-pc","pid":26676,"level":30,"actorType":"ACTOR1","actorId":"45766","msg":"Actor 45766 of type ACTOR1 with no tags is waiting to be acquired by a test session...","time":"2020-02-11T18:47:00.046Z","v":0}
{"name":"1581446802","hostname":"allinerib-pc","pid":26676,"level":10,"actorType":"ACTOR1","actorId":"45766","msg":"TRACE: Initializing test session information in the \"announce\" method...","time":"2020-02-11T18:54:50.101Z","v":0}
{"name":"1581446802","hostname":"allinerib-pc","pid":26676,"level":10,"actorType":"ACTOR1","actorId":"45766","msg":"TRACE: Session ID in sync server response was 1581447287; actor session ID was null","time":"2020-02-11T18:54:50.105Z","v":0}
