{"name":"1581691449","hostname":"allinerib-pc","pid":25216,"level":20,"msg":"Sync server version: 1.1.10 2020-01-26 18:59:22 -0600 9016f44150843d1d66d5a93b6786f663d70eb596","time":"2020-02-14T14:44:09.100Z","v":0}
{"name":"1581691449","hostname":"allinerib-pc","pid":25216,"level":30,"msg":"Acquiring actors for session 1581691449: ACTOR1","time":"2020-02-14T14:44:09.104Z","v":0}
{"name":"1581691449","hostname":"allinerib-pc","pid":25216,"level":30,"msg":"Session 1581691449 with label \"Session 1581691162 3\" started at 2020-02-14 14:44:09 UTC","time":"2020-02-14T14:44:09.107Z","v":0}
{"name":"1581691449","hostname":"allinerib-pc","pid":25216,"level":30,"actorType":"ACTOR1","actorId":"61801","msg":"Actor 61801 of type ACTOR1 was acquired by test session 1581691449","time":"2020-02-14T14:44:12.023Z","v":0}
{"name":"1581691449","hostname":"allinerib-pc","pid":25216,"level":20,"actorType":"ACTOR1","actorId":"61801","msg":"DEBUG: Test actor JAR versions:","time":"2020-02-14T14:44:12.033Z","v":0}
{"name":"1581691449","hostname":"allinerib-pc","pid":25216,"level":20,"actorType":"ACTOR1","actorId":"61801","msg":"DEBUG:   opentest-appium-0.0.1.jar: 2020-01-26 18:59 -0600 0.0.1-9016f44150843d1d66d5a93b6786f663d70eb596","time":"2020-02-14T14:44:12.038Z","v":0}
{"name":"1581691449","hostname":"allinerib-pc","pid":25216,"level":20,"actorType":"ACTOR1","actorId":"61801","msg":"DEBUG:   opentest-base-0.0.1.jar: 2020-01-26 18:59 -0600 0.0.1-9016f44150843d1d66d5a93b6786f663d70eb596","time":"2020-02-14T14:44:12.041Z","v":0}
{"name":"1581691449","hostname":"allinerib-pc","pid":25216,"level":20,"actorType":"ACTOR1","actorId":"61801","msg":"DEBUG:   opentest-selenium-0.0.1.jar: 2020-01-26 18:59 -0600 0.0.1-9016f44150843d1d66d5a93b6786f663d70eb596","time":"2020-02-14T14:44:12.045Z","v":0}
{"name":"1581691449","hostname":"allinerib-pc","pid":25216,"level":40,"actorType":"ACTOR1","actorId":"61801","msg":"WARN: Failed to log extension JARs","time":"2020-02-14T14:44:12.053Z","v":0}
{"name":"1581691449","hostname":"allinerib-pc","pid":25216,"level":30,"actorType":"ACTOR1","actorId":"61801","msg":"==================== ACTOR1: web/kiosk ====================","time":"2020-02-14T14:44:12.086Z","v":0}
{"name":"1581691449","hostname":"allinerib-pc","pid":25216,"level":30,"actorType":"ACTOR1","actorId":"61801","msg":"Actor ACTOR1 started executing test web/kiosk...","time":"2020-02-14T14:44:12.090Z","v":0}
{"name":"1581691449","hostname":"allinerib-pc","pid":25216,"level":30,"actorType":"ACTOR1","actorId":"61801","msg":"Executing segment 1 of test web/kiosk...","time":"2020-02-14T14:44:12.136Z","v":0}
{"name":"1581691449","hostname":"allinerib-pc","pid":25216,"level":30,"actorType":"ACTOR1","actorId":"61801","msg":"Evaluating action 1/6 (org.getopentest.selenium.NavigateTo) in segment 1 (openBrowser)...","time":"2020-02-14T14:44:12.141Z","v":0}
{"name":"1581691449","hostname":"allinerib-pc","pid":25216,"level":10,"actorType":"ACTOR1","actorId":"61801","msg":"TRACE: Initializing action org.getopentest.selenium.NavigateTo...","time":"2020-02-14T14:44:12.144Z","v":0}
{"name":"1581691449","hostname":"allinerib-pc","pid":25216,"level":30,"actorType":"ACTOR1","actorId":"61801","msg":"Using local Selenium server","time":"2020-02-14T14:44:12.148Z","v":0}
{"name":"1581691449","hostname":"allinerib-pc","pid":25216,"level":10,"actorType":"ACTOR1","actorId":"61801","msg":"TRACE: Setting system property \"webdriver.chrome.driver\" to \"C:/Selenium/chromedriver.exe\"","time":"2020-02-14T14:44:12.151Z","v":0}
{"name":"1581691449","hostname":"allinerib-pc","pid":25216,"level":30,"actorType":"ACTOR1","actorId":"61801","msg":"Executing action org.getopentest.selenium.NavigateTo with arguments {\"url\":\"http://localhost:8123/npsharp/kiosk/pos0025/\"}...","time":"2020-02-14T14:44:21.696Z","v":0}
{"name":"1581691449","hostname":"allinerib-pc","pid":25216,"level":30,"actorType":"ACTOR1","actorId":"61801","msg":"Evaluating action 2/6 (script action) in segment 1...","time":"2020-02-14T14:44:22.192Z","v":0}
{"name":"1581691449","hostname":"allinerib-pc","pid":25216,"level":10,"actorType":"ACTOR1","actorId":"61801","msg":"TRACE: Initializing action org.getopentest.base.ScriptAction...","time":"2020-02-14T14:44:22.200Z","v":0}
{"name":"1581691449","hostname":"allinerib-pc","pid":25216,"level":30,"actorType":"ACTOR1","actorId":"61801","msg":"Executing action org.getopentest.base.ScriptAction (no arguments were provided)...","time":"2020-02-14T14:44:22.203Z","v":0}
{"name":"1581691449","hostname":"allinerib-pc","pid":25216,"level":30,"actorType":"ACTOR1","actorId":"61801","msg":"Evaluating action 3/6 (org.getopentest.selenium.Click) in segment 1 (click at \"Accessibility\" button)...","time":"2020-02-14T14:44:42.216Z","v":0}
{"name":"1581691449","hostname":"allinerib-pc","pid":25216,"level":10,"actorType":"ACTOR1","actorId":"61801","msg":"TRACE: Initializing action org.getopentest.selenium.Click...","time":"2020-02-14T14:44:42.220Z","v":0}
{"name":"1581691449","hostname":"allinerib-pc","pid":25216,"level":30,"actorType":"ACTOR1","actorId":"61801","msg":"Executing action org.getopentest.selenium.Click with arguments {\"locator\":{\"xpath\":\"//span[contains(.,'Accessibility')]\"}}...","time":"2020-02-14T14:44:42.225Z","v":0}
{"name":"1581691449","hostname":"allinerib-pc","pid":25216,"level":30,"actorType":"ACTOR1","actorId":"61801","msg":"Evaluating action 4/6 (org.getopentest.selenium.Click) in segment 1 (click at \"No thanks\" button)...","time":"2020-02-14T14:44:45.935Z","v":0}
{"name":"1581691449","hostname":"allinerib-pc","pid":25216,"level":10,"actorType":"ACTOR1","actorId":"61801","msg":"TRACE: Initializing action org.getopentest.selenium.Click...","time":"2020-02-14T14:44:45.940Z","v":0}
{"name":"1581691449","hostname":"allinerib-pc","pid":25216,"level":30,"actorType":"ACTOR1","actorId":"61801","msg":"Executing action org.getopentest.selenium.Click with arguments {\"locator\":{\"xpath\":\"//span[contains(.,'No Thanks')]\"}}...","time":"2020-02-14T14:44:45.946Z","v":0}
{"name":"1581691449","hostname":"allinerib-pc","pid":25216,"level":30,"actorType":"ACTOR1","actorId":"61801","msg":"Evaluating action 5/6 (org.getopentest.selenium.Click) in segment 1 (click at \"Eat In\" button)...","time":"2020-02-14T14:44:46.641Z","v":0}
{"name":"1581691449","hostname":"allinerib-pc","pid":25216,"level":10,"actorType":"ACTOR1","actorId":"61801","msg":"TRACE: Initializing action org.getopentest.selenium.Click...","time":"2020-02-14T14:44:46.649Z","v":0}
{"name":"1581691449","hostname":"allinerib-pc","pid":25216,"level":30,"actorType":"ACTOR1","actorId":"61801","msg":"Executing action org.getopentest.selenium.Click with arguments {\"locator\":{\"xpath\":\"//span[contains(.,'Eat In')]\"}}...","time":"2020-02-14T14:44:46.653Z","v":0}
{"name":"1581691449","hostname":"allinerib-pc","pid":25216,"level":30,"actorType":"ACTOR1","actorId":"61801","msg":"Evaluating action 6/6 (org.getopentest.selenium.Click) in segment 1 (click at \"Pay at counter\" button)...","time":"2020-02-14T14:44:47.349Z","v":0}
{"name":"1581691449","hostname":"allinerib-pc","pid":25216,"level":10,"actorType":"ACTOR1","actorId":"61801","msg":"TRACE: Initializing action org.getopentest.selenium.Click...","time":"2020-02-14T14:44:47.354Z","v":0}
{"name":"1581691449","hostname":"allinerib-pc","pid":25216,"level":30,"actorType":"ACTOR1","actorId":"61801","msg":"Executing action org.getopentest.selenium.Click with arguments {\"locator\":{\"xpath\":\"//b[contains(.,'Pay at counter')]\"}}...","time":"2020-02-14T14:44:47.358Z","v":0}
{"name":"1581691449","hostname":"allinerib-pc","pid":25216,"level":30,"actorType":"ACTOR1","actorId":"61801","msg":"Test session has completed","time":"2020-02-14T14:44:48.623Z","v":0}
{"name":"1581691449","hostname":"allinerib-pc","pid":25216,"level":10,"actorType":"ACTOR1","actorId":"61801","msg":"TRACE: Firing TEST_COMPLETED event...","time":"2020-02-14T14:44:48.630Z","v":0}
{"name":"1581691449","hostname":"allinerib-pc","pid":25216,"level":10,"actorType":"ACTOR1","actorId":"61801","msg":"TRACE: Firing SESSION_COMPLETED event...","time":"2020-02-14T14:44:49.332Z","v":0}
{"name":"1581691449","hostname":"allinerib-pc","pid":25216,"level":30,"actorType":"ACTOR1","actorId":"61801","msg":"Actor 61801 of type ACTOR1 with no tags is waiting to be acquired by a test session...","time":"2020-02-14T14:44:49.336Z","v":0}
{"name":"1581691449","hostname":"allinerib-pc","pid":25216,"level":10,"actorType":"ACTOR1","actorId":"61801","msg":"TRACE: Initializing test session information in the \"announce\" method...","time":"2020-02-14T14:46:36.666Z","v":0}
{"name":"1581691449","hostname":"allinerib-pc","pid":25216,"level":10,"actorType":"ACTOR1","actorId":"61801","msg":"TRACE: Session ID in sync server response was 1581691596; actor session ID was null","time":"2020-02-14T14:46:36.672Z","v":0}
