{"name":"1581616008","hostname":"allinerib-pc","pid":45928,"level":20,"msg":"Sync server version: 1.1.10 2020-01-26 18:59:22 -0600 9016f44150843d1d66d5a93b6786f663d70eb596","time":"2020-02-13T17:46:48.291Z","v":0}
{"name":"1581616008","hostname":"allinerib-pc","pid":45928,"level":30,"msg":"Acquiring actors for session 1581616008: ACTOR1","time":"2020-02-13T17:46:48.294Z","v":0}
{"name":"1581616008","hostname":"allinerib-pc","pid":45928,"level":30,"msg":"Session 1581616008 with label \"null\" started at 2020-02-13 17:46:48 UTC","time":"2020-02-13T17:46:48.295Z","v":0}
{"name":"1581616008","hostname":"allinerib-pc","pid":45928,"level":30,"actorType":"ACTOR1","actorId":"23546","msg":"Actor 23546 of type ACTOR1 was acquired by test session 1581616008","time":"2020-02-13T17:46:50.712Z","v":0}
{"name":"1581616008","hostname":"allinerib-pc","pid":45928,"level":20,"actorType":"ACTOR1","actorId":"23546","msg":"DEBUG: Test actor JAR versions:","time":"2020-02-13T17:46:50.721Z","v":0}
{"name":"1581616008","hostname":"allinerib-pc","pid":45928,"level":20,"actorType":"ACTOR1","actorId":"23546","msg":"DEBUG:   opentest-appium-0.0.1.jar: 2020-01-26 18:59 -0600 0.0.1-9016f44150843d1d66d5a93b6786f663d70eb596","time":"2020-02-13T17:46:50.725Z","v":0}
{"name":"1581616008","hostname":"allinerib-pc","pid":45928,"level":20,"actorType":"ACTOR1","actorId":"23546","msg":"DEBUG:   opentest-base-0.0.1.jar: 2020-01-26 18:59 -0600 0.0.1-9016f44150843d1d66d5a93b6786f663d70eb596","time":"2020-02-13T17:46:50.728Z","v":0}
{"name":"1581616008","hostname":"allinerib-pc","pid":45928,"level":20,"actorType":"ACTOR1","actorId":"23546","msg":"DEBUG:   opentest-selenium-0.0.1.jar: 2020-01-26 18:59 -0600 0.0.1-9016f44150843d1d66d5a93b6786f663d70eb596","time":"2020-02-13T17:46:50.732Z","v":0}
{"name":"1581616008","hostname":"allinerib-pc","pid":45928,"level":40,"actorType":"ACTOR1","actorId":"23546","msg":"WARN: Failed to log extension JARs","time":"2020-02-13T17:46:50.736Z","v":0}
{"name":"1581616008","hostname":"allinerib-pc","pid":45928,"level":30,"actorType":"ACTOR1","actorId":"23546","msg":"==================== ACTOR1: web/kiosk ====================","time":"2020-02-13T17:46:50.777Z","v":0}
{"name":"1581616008","hostname":"allinerib-pc","pid":45928,"level":30,"actorType":"ACTOR1","actorId":"23546","msg":"Actor ACTOR1 started executing test web/kiosk...","time":"2020-02-13T17:46:50.780Z","v":0}
{"name":"1581616008","hostname":"allinerib-pc","pid":45928,"level":30,"actorType":"ACTOR1","actorId":"23546","msg":"Executing segment 1 of test web/kiosk...","time":"2020-02-13T17:46:50.800Z","v":0}
{"name":"1581616008","hostname":"allinerib-pc","pid":45928,"level":30,"actorType":"ACTOR1","actorId":"23546","msg":"Evaluating action 1/4 (org.getopentest.selenium.NavigateTo) in segment 1 (openBrowser)...","time":"2020-02-13T17:46:50.809Z","v":0}
{"name":"1581616008","hostname":"allinerib-pc","pid":45928,"level":10,"actorType":"ACTOR1","actorId":"23546","msg":"TRACE: Initializing action org.getopentest.selenium.NavigateTo...","time":"2020-02-13T17:46:50.812Z","v":0}
{"name":"1581616008","hostname":"allinerib-pc","pid":45928,"level":30,"actorType":"ACTOR1","actorId":"23546","msg":"Using local Selenium server","time":"2020-02-13T17:46:50.816Z","v":0}
{"name":"1581616008","hostname":"allinerib-pc","pid":45928,"level":10,"actorType":"ACTOR1","actorId":"23546","msg":"TRACE: Setting system property \"webdriver.chrome.driver\" to \"C:/Selenium/chromedriver.exe\"","time":"2020-02-13T17:46:50.821Z","v":0}
{"name":"1581616008","hostname":"allinerib-pc","pid":45928,"level":30,"actorType":"ACTOR1","actorId":"23546","msg":"Executing action org.getopentest.selenium.NavigateTo with arguments {\"url\":\"http://localhost:8123/npsharp/kiosk/pos0025/\"}...","time":"2020-02-13T17:47:00.357Z","v":0}
{"name":"1581616008","hostname":"allinerib-pc","pid":45928,"level":30,"actorType":"ACTOR1","actorId":"23546","msg":"Evaluating action 2/4 (script action) in segment 1...","time":"2020-02-13T17:47:00.836Z","v":0}
{"name":"1581616008","hostname":"allinerib-pc","pid":45928,"level":10,"actorType":"ACTOR1","actorId":"23546","msg":"TRACE: Initializing action org.getopentest.base.ScriptAction...","time":"2020-02-13T17:47:00.841Z","v":0}
{"name":"1581616008","hostname":"allinerib-pc","pid":45928,"level":30,"actorType":"ACTOR1","actorId":"23546","msg":"Executing action org.getopentest.base.ScriptAction (no arguments were provided)...","time":"2020-02-13T17:47:00.845Z","v":0}
{"name":"1581616008","hostname":"allinerib-pc","pid":45928,"level":30,"actorType":"ACTOR1","actorId":"23546","msg":"Evaluating action 3/4 (org.getopentest.selenium.Click) in segment 1 (click at order start button)...","time":"2020-02-13T17:47:40.856Z","v":0}
{"name":"1581616008","hostname":"allinerib-pc","pid":45928,"level":10,"actorType":"ACTOR1","actorId":"23546","msg":"TRACE: Initializing action org.getopentest.selenium.Click...","time":"2020-02-13T17:47:40.862Z","v":0}
{"name":"1581616008","hostname":"allinerib-pc","pid":45928,"level":30,"actorType":"ACTOR1","actorId":"23546","msg":"Executing action org.getopentest.selenium.Click with arguments {\"locator\":{\"xpath\":\".//div[@class='start-order']\"}}...","time":"2020-02-13T17:47:40.865Z","v":0}
{"name":"1581616008","hostname":"allinerib-pc","pid":45928,"level":30,"actorType":"ACTOR1","actorId":"23546","msg":"Evaluating action 4/4 (org.getopentest.selenium.Click) in segment 1 (click at eat in button)...","time":"2020-02-13T17:47:41.301Z","v":0}
{"name":"1581616008","hostname":"allinerib-pc","pid":45928,"level":10,"actorType":"ACTOR1","actorId":"23546","msg":"TRACE: Initializing action org.getopentest.selenium.Click...","time":"2020-02-13T17:47:41.307Z","v":0}
{"name":"1581616008","hostname":"allinerib-pc","pid":45928,"level":30,"actorType":"ACTOR1","actorId":"23546","msg":"Executing action org.getopentest.selenium.Click with arguments {\"locator\":{\"xpath\":\"//span[contains(.,'Eat In')]\"}}...","time":"2020-02-13T17:47:41.311Z","v":0}
{"name":"1581616008","hostname":"allinerib-pc","pid":45928,"level":30,"actorType":"ACTOR1","actorId":"23546","msg":"Test session has completed","time":"2020-02-13T17:47:42.536Z","v":0}
{"name":"1581616008","hostname":"allinerib-pc","pid":45928,"level":10,"actorType":"ACTOR1","actorId":"23546","msg":"TRACE: Firing TEST_COMPLETED event...","time":"2020-02-13T17:47:42.541Z","v":0}
{"name":"1581616008","hostname":"allinerib-pc","pid":45928,"level":10,"actorType":"ACTOR1","actorId":"23546","msg":"TRACE: Firing SESSION_COMPLETED event...","time":"2020-02-13T17:47:43.321Z","v":0}
{"name":"1581616008","hostname":"allinerib-pc","pid":45928,"level":30,"actorType":"ACTOR1","actorId":"23546","msg":"Actor 23546 of type ACTOR1 with no tags is waiting to be acquired by a test session...","time":"2020-02-13T17:47:43.324Z","v":0}
{"name":"1581616008","hostname":"allinerib-pc","pid":45928,"level":10,"actorType":"ACTOR1","actorId":"23546","msg":"TRACE: Initializing test session information in the \"announce\" method...","time":"2020-02-13T17:49:35.482Z","v":0}
{"name":"1581616008","hostname":"allinerib-pc","pid":45928,"level":10,"actorType":"ACTOR1","actorId":"23546","msg":"TRACE: Session ID in sync server response was 1581616175; actor session ID was null","time":"2020-02-13T17:49:35.487Z","v":0}
