{"name":"1581688144","hostname":"allinerib-pc","pid":25216,"level":20,"msg":"Sync server version: 1.1.10 2020-01-26 18:59:22 -0600 9016f44150843d1d66d5a93b6786f663d70eb596","time":"2020-02-14T13:49:04.218Z","v":0}
{"name":"1581688144","hostname":"allinerib-pc","pid":25216,"level":30,"msg":"Acquiring actors for session 1581688144: ACTOR1","time":"2020-02-14T13:49:04.223Z","v":0}
{"name":"1581688144","hostname":"allinerib-pc","pid":25216,"level":30,"msg":"Session 1581688144 with label \"null\" started at 2020-02-14 13:49:04 UTC","time":"2020-02-14T13:49:04.227Z","v":0}
{"name":"1581688144","hostname":"allinerib-pc","pid":25216,"level":30,"actorType":"ACTOR1","actorId":"61801","msg":"Actor 61801 of type ACTOR1 was acquired by test session 1581688144","time":"2020-02-14T13:49:09.549Z","v":0}
{"name":"1581688144","hostname":"allinerib-pc","pid":25216,"level":20,"actorType":"ACTOR1","actorId":"61801","msg":"DEBUG: Test actor JAR versions:","time":"2020-02-14T13:49:09.559Z","v":0}
{"name":"1581688144","hostname":"allinerib-pc","pid":25216,"level":20,"actorType":"ACTOR1","actorId":"61801","msg":"DEBUG:   opentest-appium-0.0.1.jar: 2020-01-26 18:59 -0600 0.0.1-9016f44150843d1d66d5a93b6786f663d70eb596","time":"2020-02-14T13:49:09.563Z","v":0}
{"name":"1581688144","hostname":"allinerib-pc","pid":25216,"level":20,"actorType":"ACTOR1","actorId":"61801","msg":"DEBUG:   opentest-base-0.0.1.jar: 2020-01-26 18:59 -0600 0.0.1-9016f44150843d1d66d5a93b6786f663d70eb596","time":"2020-02-14T13:49:09.568Z","v":0}
{"name":"1581688144","hostname":"allinerib-pc","pid":25216,"level":20,"actorType":"ACTOR1","actorId":"61801","msg":"DEBUG:   opentest-selenium-0.0.1.jar: 2020-01-26 18:59 -0600 0.0.1-9016f44150843d1d66d5a93b6786f663d70eb596","time":"2020-02-14T13:49:09.572Z","v":0}
{"name":"1581688144","hostname":"allinerib-pc","pid":25216,"level":40,"actorType":"ACTOR1","actorId":"61801","msg":"WARN: Failed to log extension JARs","time":"2020-02-14T13:49:09.576Z","v":0}
{"name":"1581688144","hostname":"allinerib-pc","pid":25216,"level":30,"actorType":"ACTOR1","actorId":"61801","msg":"==================== ACTOR1: web/kiosk ====================","time":"2020-02-14T13:49:09.637Z","v":0}
{"name":"1581688144","hostname":"allinerib-pc","pid":25216,"level":30,"actorType":"ACTOR1","actorId":"61801","msg":"Actor ACTOR1 started executing test web/kiosk...","time":"2020-02-14T13:49:09.641Z","v":0}
{"name":"1581688144","hostname":"allinerib-pc","pid":25216,"level":30,"actorType":"ACTOR1","actorId":"61801","msg":"Executing segment 1 of test web/kiosk...","time":"2020-02-14T13:49:09.671Z","v":0}
{"name":"1581688144","hostname":"allinerib-pc","pid":25216,"level":30,"actorType":"ACTOR1","actorId":"61801","msg":"Evaluating action 1/7 (org.getopentest.selenium.NavigateTo) in segment 1 (openBrowser)...","time":"2020-02-14T13:49:09.676Z","v":0}
{"name":"1581688144","hostname":"allinerib-pc","pid":25216,"level":10,"actorType":"ACTOR1","actorId":"61801","msg":"TRACE: Initializing action org.getopentest.selenium.NavigateTo...","time":"2020-02-14T13:49:09.682Z","v":0}
{"name":"1581688144","hostname":"allinerib-pc","pid":25216,"level":30,"actorType":"ACTOR1","actorId":"61801","msg":"Loading configuration from \"C:\\devqatraining\\actor1\\actor.yaml\"","time":"2020-02-14T13:49:09.691Z","v":0}
{"name":"1581688144","hostname":"allinerib-pc","pid":25216,"level":30,"actorType":"ACTOR1","actorId":"61801","msg":"Using local Selenium server","time":"2020-02-14T13:49:09.699Z","v":0}
{"name":"1581688144","hostname":"allinerib-pc","pid":25216,"level":10,"actorType":"ACTOR1","actorId":"61801","msg":"TRACE: Setting system property \"webdriver.chrome.driver\" to \"C:/Selenium/chromedriver.exe\"","time":"2020-02-14T13:49:09.703Z","v":0}
{"name":"1581688144","hostname":"allinerib-pc","pid":25216,"level":30,"actorType":"ACTOR1","actorId":"61801","msg":"Executing action org.getopentest.selenium.NavigateTo with arguments {\"url\":\"http://localhost:8123/npsharp/kiosk/pos0025/\"}...","time":"2020-02-14T13:49:19.807Z","v":0}
{"name":"1581688144","hostname":"allinerib-pc","pid":25216,"level":30,"actorType":"ACTOR1","actorId":"61801","msg":"Evaluating action 2/7 (script action) in segment 1...","time":"2020-02-14T13:49:20.365Z","v":0}
{"name":"1581688144","hostname":"allinerib-pc","pid":25216,"level":10,"actorType":"ACTOR1","actorId":"61801","msg":"TRACE: Initializing action org.getopentest.base.ScriptAction...","time":"2020-02-14T13:49:20.375Z","v":0}
{"name":"1581688144","hostname":"allinerib-pc","pid":25216,"level":30,"actorType":"ACTOR1","actorId":"61801","msg":"Executing action org.getopentest.base.ScriptAction (no arguments were provided)...","time":"2020-02-14T13:49:20.380Z","v":0}
{"name":"1581688144","hostname":"allinerib-pc","pid":25216,"level":30,"actorType":"ACTOR1","actorId":"61801","msg":"Evaluating action 3/7 (org.getopentest.selenium.Click) in segment 1 (click at order start button)...","time":"2020-02-14T13:50:00.428Z","v":0}
{"name":"1581688144","hostname":"allinerib-pc","pid":25216,"level":10,"actorType":"ACTOR1","actorId":"61801","msg":"TRACE: Initializing action org.getopentest.selenium.Click...","time":"2020-02-14T13:50:00.433Z","v":0}
{"name":"1581688144","hostname":"allinerib-pc","pid":25216,"level":30,"actorType":"ACTOR1","actorId":"61801","msg":"Executing action org.getopentest.selenium.Click with arguments {\"locator\":{\"xpath\":\".//div[@class='start-order']\"}}...","time":"2020-02-14T13:50:00.438Z","v":0}
{"name":"1581688144","hostname":"allinerib-pc","pid":25216,"level":30,"actorType":"ACTOR1","actorId":"61801","msg":"Evaluating action 4/7 (org.getopentest.selenium.Click) in segment 1 (click at no thanks button)...","time":"2020-02-14T13:50:00.889Z","v":0}
{"name":"1581688144","hostname":"allinerib-pc","pid":25216,"level":10,"actorType":"ACTOR1","actorId":"61801","msg":"TRACE: Initializing action org.getopentest.selenium.Click...","time":"2020-02-14T13:50:00.896Z","v":0}
{"name":"1581688144","hostname":"allinerib-pc","pid":25216,"level":30,"actorType":"ACTOR1","actorId":"61801","msg":"Executing action org.getopentest.selenium.Click with arguments {\"locator\":{\"xpath\":\"//span[contains(.,'No Thanks')]\"}}...","time":"2020-02-14T13:50:00.906Z","v":0}
{"name":"1581688144","hostname":"allinerib-pc","pid":25216,"level":30,"actorType":"ACTOR1","actorId":"61801","msg":"Evaluating action 5/7 (org.getopentest.selenium.Click) in segment 1 (click at eat in button)...","time":"2020-02-14T13:50:01.190Z","v":0}
{"name":"1581688144","hostname":"allinerib-pc","pid":25216,"level":10,"actorType":"ACTOR1","actorId":"61801","msg":"TRACE: Initializing action org.getopentest.selenium.Click...","time":"2020-02-14T13:50:01.194Z","v":0}
{"name":"1581688144","hostname":"allinerib-pc","pid":25216,"level":30,"actorType":"ACTOR1","actorId":"61801","msg":"Executing action org.getopentest.selenium.Click with arguments {\"locator\":{\"xpath\":\"//span[contains(.,'Eat In')]\"}}...","time":"2020-02-14T13:50:01.199Z","v":0}
{"name":"1581688144","hostname":"allinerib-pc","pid":25216,"level":30,"actorType":"ACTOR1","actorId":"61801","msg":"Evaluating action 6/7 (org.getopentest.selenium.Click) in segment 1 (click at payment at counter button)...","time":"2020-02-14T13:50:02.398Z","v":0}
{"name":"1581688144","hostname":"allinerib-pc","pid":25216,"level":10,"actorType":"ACTOR1","actorId":"61801","msg":"TRACE: Initializing action org.getopentest.selenium.Click...","time":"2020-02-14T13:50:02.404Z","v":0}
{"name":"1581688144","hostname":"allinerib-pc","pid":25216,"level":30,"actorType":"ACTOR1","actorId":"61801","msg":"Executing action org.getopentest.selenium.Click with arguments {\"locator\":{\"xpath\":\"//b[contains(.,'Pay at counter')]\"}}...","time":"2020-02-14T13:50:02.409Z","v":0}
{"name":"1581688144","hostname":"allinerib-pc","pid":25216,"level":30,"actorType":"ACTOR1","actorId":"61801","msg":"Evaluating action 7/7 (org.getopentest.selenium.AssertElementVisible) in segment 1 (Verify if the \"Recents & Faves\" menu is visible)...","time":"2020-02-14T13:50:03.136Z","v":0}
{"name":"1581688144","hostname":"allinerib-pc","pid":25216,"level":10,"actorType":"ACTOR1","actorId":"61801","msg":"TRACE: Initializing action org.getopentest.selenium.AssertElementVisible...","time":"2020-02-14T13:50:03.140Z","v":0}
{"name":"1581688144","hostname":"allinerib-pc","pid":25216,"level":30,"actorType":"ACTOR1","actorId":"61801","msg":"Executing action org.getopentest.selenium.AssertElementVisible with arguments {\"locator\":{\"xpath\":\"//span[contains(.,'Recents & Faves')]\"}}...","time":"2020-02-14T13:50:03.146Z","v":0}
{"name":"1581688144","hostname":"allinerib-pc","pid":25216,"level":30,"actorType":"ACTOR1","actorId":"61801","msg":"Test session has completed","time":"2020-02-14T13:50:04.297Z","v":0}
{"name":"1581688144","hostname":"allinerib-pc","pid":25216,"level":10,"actorType":"ACTOR1","actorId":"61801","msg":"TRACE: Firing TEST_COMPLETED event...","time":"2020-02-14T13:50:04.302Z","v":0}
{"name":"1581688144","hostname":"allinerib-pc","pid":25216,"level":20,"actorType":"ACTOR1","actorId":"61801","msg":"DEBUG: The browser log entries were: \n >>>>> LEVEL: WARNING | TIMESTAMP: 1581688200661 | MESSAGE: http://localhost:8123/npsharp/kiosk/pos0025/cso/services/logger/logger.js 0:1881 \"20200214 104934.275 WRN at [e.onOutagesChange] Products on outage: []\" >>>>> LEVEL: WARNING | TIMESTAMP: 1581688200667 | MESSAGE: http://localhost:8123/npsharp/kiosk/pos0025/cso/services/logger/logger.js 0:1881 \"20200214 104939.325 WRN at [e.goHome] Cannot execute workflow\"","time":"2020-02-14T13:50:04.312Z","v":0}
{"name":"1581688144","hostname":"allinerib-pc","pid":25216,"level":10,"actorType":"ACTOR1","actorId":"61801","msg":"TRACE: Firing SESSION_COMPLETED event...","time":"2020-02-14T13:50:04.980Z","v":0}
{"name":"1581688144","hostname":"allinerib-pc","pid":25216,"level":30,"actorType":"ACTOR1","actorId":"61801","msg":"Actor 61801 of type ACTOR1 with no tags is waiting to be acquired by a test session...","time":"2020-02-14T13:50:04.985Z","v":0}
{"name":"1581688144","hostname":"allinerib-pc","pid":25216,"level":10,"actorType":"ACTOR1","actorId":"61801","msg":"TRACE: Initializing test session information in the \"announce\" method...","time":"2020-02-14T14:39:26.356Z","v":0}
{"name":"1581688144","hostname":"allinerib-pc","pid":25216,"level":10,"actorType":"ACTOR1","actorId":"61801","msg":"TRACE: Session ID in sync server response was 1581691162; actor session ID was null","time":"2020-02-14T14:39:26.360Z","v":0}
{"name":"1581688144","hostname":"allinerib-pc","pid":25216,"level":20,"actorType":"ACTOR1","actorId":"61801","msg":"DEBUG: The browser log entries were: \n >>>>> LEVEL: WARNING | TIMESTAMP: 1581691191163 | MESSAGE: http://localhost:8123/npsharp/kiosk/pos0025/cso/services/logger/logger.js 0:1881 \"20200214 113950.847 WRN at [e.onOutagesChange] Products on outage: []\" >>>>> LEVEL: WARNING | TIMESTAMP: 1581691196288 | MESSAGE: http://localhost:8123/npsharp/kiosk/pos0025/cso/services/logger/logger.js 0:1881 \"20200214 113955.898 WRN at [e.goHome] Cannot execute workflow\"","time":"2020-02-14T14:39:59.157Z","v":0}
{"name":"1581688144","hostname":"allinerib-pc","pid":25216,"level":20,"actorType":"ACTOR1","actorId":"61801","msg":"DEBUG: The browser log entries were: \n >>>>> LEVEL: WARNING | TIMESTAMP: 1581691242271 | MESSAGE: http://localhost:8123/npsharp/kiosk/pos0025/cso/services/logger/logger.js 0:1881 \"20200214 114035.499 WRN at [e.onOutagesChange] Products on outage: []\"","time":"2020-02-14T14:40:45.274Z","v":0}
{"name":"1581688144","hostname":"allinerib-pc","pid":25216,"level":20,"actorType":"ACTOR1","actorId":"61801","msg":"DEBUG: The browser log entries were: \n >>>>> LEVEL: WARNING | TIMESTAMP: 1581691482455 | MESSAGE: http://localhost:8123/npsharp/kiosk/pos0025/cso/services/logger/logger.js 0:1881 \"20200214 114435.321 WRN at [e.onOutagesChange] Products on outage: []\" >>>>> LEVEL: WARNING | TIMESTAMP: 1581691482460 | MESSAGE: http://localhost:8123/npsharp/kiosk/pos0025/cso/services/logger/logger.js 0:1881 \"20200214 114440.371 WRN at [e.goHome] Cannot execute workflow\"","time":"2020-02-14T14:44:48.662Z","v":0}
{"name":"1581688144","hostname":"allinerib-pc","pid":25216,"level":20,"actorType":"ACTOR1","actorId":"61801","msg":"DEBUG: The browser log entries were: \n >>>>> LEVEL: WARNING | TIMESTAMP: 1581691627780 | MESSAGE: http://localhost:8123/npsharp/kiosk/pos0025/cso/services/logger/logger.js 0:1881 \"20200214 114700.593 WRN at [e.onOutagesChange] Products on outage: []\" >>>>> LEVEL: WARNING | TIMESTAMP: 1581691627785 | MESSAGE: http://localhost:8123/npsharp/kiosk/pos0025/cso/services/logger/logger.js 0:1881 \"20200214 114705.643 WRN at [e.goHome] Cannot execute workflow\"","time":"2020-02-14T14:47:25.475Z","v":0}
{"name":"1581688144","hostname":"allinerib-pc","pid":25216,"level":20,"actorType":"ACTOR1","actorId":"61801","msg":"DEBUG: The browser log entries were: \n >>>>> LEVEL: WARNING | TIMESTAMP: 1581691817600 | MESSAGE: http://localhost:8123/npsharp/kiosk/pos0025/cso/services/logger/logger.js 0:1881 \"20200214 115010.493 WRN at [e.onOutagesChange] Products on outage: []\" >>>>> LEVEL: WARNING | TIMESTAMP: 1581691817606 | MESSAGE: http://localhost:8123/npsharp/kiosk/pos0025/cso/services/logger/logger.js 0:1881 \"20200214 115015.544 WRN at [e.goHome] Cannot execute workflow\" >>>>> LEVEL: SEVERE | TIMESTAMP: 1581691824633 | MESSAGE: http://localhost:8123/npsharp/kiosk/pos0025/cso/services/logger/logger.js 0:1881 \"20200214 115024.143 ERR at [t.ngOnInit] Can not find Widget: cso-cancel-button\"","time":"2020-02-14T14:50:24.638Z","v":0}
{"name":"1581688144","hostname":"allinerib-pc","pid":25216,"level":20,"actorType":"ACTOR1","actorId":"61801","msg":"DEBUG: The browser log entries were: \n >>>>> LEVEL: WARNING | TIMESTAMP: 1581691892693 | MESSAGE: http://localhost:8123/npsharp/kiosk/pos0025/cso/services/logger/logger.js 0:1881 \"20200214 115125.514 WRN at [e.onOutagesChange] Products on outage: []\" >>>>> LEVEL: WARNING | TIMESTAMP: 1581691892698 | MESSAGE: http://localhost:8123/npsharp/kiosk/pos0025/cso/services/logger/logger.js 0:1881 \"20200214 115130.582 WRN at [e.goHome] Cannot execute workflow\" >>>>> LEVEL: WARNING | TIMESTAMP: 1581691895814 | MESSAGE: http://localhost:8123/npsharp/kiosk/pos0025/cso/services/logger/logger.js 0:1881 \"20200214 115135.567 WRN at [e.goHome] Cannot execute workflow\" >>>>> LEVEL: WARNING | TIMESTAMP: 1581691900943 | MESSAGE: http://localhost:8123/npsharp/kiosk/pos0025/cso/services/logger/logger.js 0:1881 \"20200214 115140.567 WRN at [e.goHome] Cannot execute workflow\"","time":"2020-02-14T14:51:44.821Z","v":0}
