{"name":"1581539707","hostname":"allinerib-pc","pid":14812,"level":20,"msg":"Sync server version: 1.1.10 2020-01-26 18:59:22 -0600 9016f44150843d1d66d5a93b6786f663d70eb596","time":"2020-02-12T20:35:06.892Z","v":0}
{"name":"1581539707","hostname":"allinerib-pc","pid":14812,"level":30,"msg":"Acquiring actors for session 1581539707: ACTOR1","time":"2020-02-12T20:35:06.894Z","v":0}
{"name":"1581539707","hostname":"allinerib-pc","pid":14812,"level":30,"msg":"Session 1581539707 with label \"Session 1581537440 5\" started at 2020-02-12 20:35:06 UTC","time":"2020-02-12T20:35:06.896Z","v":0}
{"name":"1581539707","hostname":"allinerib-pc","pid":14812,"level":30,"actorType":"ACTOR1","actorId":"32354","msg":"Actor 32354 of type ACTOR1 was acquired by test session 1581539707","time":"2020-02-12T20:35:08.255Z","v":0}
{"name":"1581539707","hostname":"allinerib-pc","pid":14812,"level":20,"actorType":"ACTOR1","actorId":"32354","msg":"DEBUG: Test actor JAR versions:","time":"2020-02-12T20:35:08.265Z","v":0}
{"name":"1581539707","hostname":"allinerib-pc","pid":14812,"level":20,"actorType":"ACTOR1","actorId":"32354","msg":"DEBUG:   opentest-appium-0.0.1.jar: 2020-01-26 18:59 -0600 0.0.1-9016f44150843d1d66d5a93b6786f663d70eb596","time":"2020-02-12T20:35:08.274Z","v":0}
{"name":"1581539707","hostname":"allinerib-pc","pid":14812,"level":20,"actorType":"ACTOR1","actorId":"32354","msg":"DEBUG:   opentest-base-0.0.1.jar: 2020-01-26 18:59 -0600 0.0.1-9016f44150843d1d66d5a93b6786f663d70eb596","time":"2020-02-12T20:35:08.278Z","v":0}
{"name":"1581539707","hostname":"allinerib-pc","pid":14812,"level":20,"actorType":"ACTOR1","actorId":"32354","msg":"DEBUG:   opentest-selenium-0.0.1.jar: 2020-01-26 18:59 -0600 0.0.1-9016f44150843d1d66d5a93b6786f663d70eb596","time":"2020-02-12T20:35:08.282Z","v":0}
{"name":"1581539707","hostname":"allinerib-pc","pid":14812,"level":40,"actorType":"ACTOR1","actorId":"32354","msg":"WARN: Failed to log extension JARs","time":"2020-02-12T20:35:08.286Z","v":0}
{"name":"1581539707","hostname":"allinerib-pc","pid":14812,"level":30,"actorType":"ACTOR1","actorId":"32354","msg":"==================== ACTOR1: web/kiosk ====================","time":"2020-02-12T20:35:08.342Z","v":0}
{"name":"1581539707","hostname":"allinerib-pc","pid":14812,"level":30,"actorType":"ACTOR1","actorId":"32354","msg":"Actor ACTOR1 started executing test web/kiosk...","time":"2020-02-12T20:35:08.347Z","v":0}
{"name":"1581539707","hostname":"allinerib-pc","pid":14812,"level":30,"actorType":"ACTOR1","actorId":"32354","msg":"Executing segment 1 of test web/kiosk...","time":"2020-02-12T20:35:08.372Z","v":0}
{"name":"1581539707","hostname":"allinerib-pc","pid":14812,"level":30,"actorType":"ACTOR1","actorId":"32354","msg":"Evaluating action 1/3 (org.getopentest.selenium.NavigateTo) in segment 1 (openBrowser)...","time":"2020-02-12T20:35:08.377Z","v":0}
{"name":"1581539707","hostname":"allinerib-pc","pid":14812,"level":10,"actorType":"ACTOR1","actorId":"32354","msg":"TRACE: Initializing action org.getopentest.selenium.NavigateTo...","time":"2020-02-12T20:35:08.381Z","v":0}
{"name":"1581539707","hostname":"allinerib-pc","pid":14812,"level":30,"actorType":"ACTOR1","actorId":"32354","msg":"Using local Selenium server","time":"2020-02-12T20:35:08.386Z","v":0}
{"name":"1581539707","hostname":"allinerib-pc","pid":14812,"level":10,"actorType":"ACTOR1","actorId":"32354","msg":"TRACE: Setting system property \"webdriver.chrome.driver\" to \"C:/Selenium/chromedriver.exe\"","time":"2020-02-12T20:35:08.391Z","v":0}
{"name":"1581539707","hostname":"allinerib-pc","pid":14812,"level":30,"actorType":"ACTOR1","actorId":"32354","msg":"Executing action org.getopentest.selenium.NavigateTo with arguments {\"url\":\"http://localhost:8123/npsharp/kiosk/pos0025/\"}...","time":"2020-02-12T20:35:18.088Z","v":0}
{"name":"1581539707","hostname":"allinerib-pc","pid":14812,"level":30,"actorType":"ACTOR1","actorId":"32354","msg":"Evaluating action 2/3 (script action) in segment 1...","time":"2020-02-12T20:35:18.618Z","v":0}
{"name":"1581539707","hostname":"allinerib-pc","pid":14812,"level":10,"actorType":"ACTOR1","actorId":"32354","msg":"TRACE: Initializing action org.getopentest.base.ScriptAction...","time":"2020-02-12T20:35:18.624Z","v":0}
{"name":"1581539707","hostname":"allinerib-pc","pid":14812,"level":30,"actorType":"ACTOR1","actorId":"32354","msg":"Executing action org.getopentest.base.ScriptAction (no arguments were provided)...","time":"2020-02-12T20:35:18.628Z","v":0}
{"name":"1581539707","hostname":"allinerib-pc","pid":14812,"level":30,"actorType":"ACTOR1","actorId":"32354","msg":"Evaluating action 3/3 (org.getopentest.selenium.Click) in segment 1 (click at order start button)...","time":"2020-02-12T20:35:56.029Z","v":0}
{"name":"1581539707","hostname":"allinerib-pc","pid":14812,"level":10,"actorType":"ACTOR1","actorId":"32354","msg":"TRACE: Initializing action org.getopentest.selenium.Click...","time":"2020-02-12T20:35:56.038Z","v":0}
{"name":"1581539707","hostname":"allinerib-pc","pid":14812,"level":30,"actorType":"ACTOR1","actorId":"32354","msg":"Executing action org.getopentest.selenium.Click with arguments {\"locator\":{\"xpath\":\".//div[@class='start-order']\"}}...","time":"2020-02-12T20:35:56.045Z","v":0}
{"name":"1581539707","hostname":"allinerib-pc","pid":14812,"level":30,"actorType":"ACTOR1","actorId":"32354","msg":"Test session has completed","time":"2020-02-12T20:35:57.021Z","v":0}
{"name":"1581539707","hostname":"allinerib-pc","pid":14812,"level":10,"actorType":"ACTOR1","actorId":"32354","msg":"TRACE: Firing TEST_COMPLETED event...","time":"2020-02-12T20:35:57.026Z","v":0}
{"name":"1581539707","hostname":"allinerib-pc","pid":14812,"level":10,"actorType":"ACTOR1","actorId":"32354","msg":"TRACE: Firing SESSION_COMPLETED event...","time":"2020-02-12T20:35:57.707Z","v":0}
{"name":"1581539707","hostname":"allinerib-pc","pid":14812,"level":30,"actorType":"ACTOR1","actorId":"32354","msg":"Actor 32354 of type ACTOR1 with no tags is waiting to be acquired by a test session...","time":"2020-02-12T20:35:57.713Z","v":0}
