{"name":"1581449425","hostname":"allinerib-pc","pid":26676,"level":20,"msg":"Sync server version: 1.1.10 2020-01-26 18:59:22 -0600 9016f44150843d1d66d5a93b6786f663d70eb596","time":"2020-02-11T19:30:25.242Z","v":0}
{"name":"1581449425","hostname":"allinerib-pc","pid":26676,"level":30,"msg":"Acquiring actors for session 1581449425: ACTOR1","time":"2020-02-11T19:30:25.245Z","v":0}
{"name":"1581449425","hostname":"allinerib-pc","pid":26676,"level":30,"msg":"Session 1581449425 with label \"Session 1581449148 2\" started at 2020-02-11 19:34:21 UTC","time":"2020-02-11T19:34:21.731Z","v":0}
{"name":"1581449425","hostname":"allinerib-pc","pid":26676,"level":30,"actorType":"ACTOR1","actorId":"17814","msg":"Actor 17814 of type ACTOR1 was acquired by test session 1581449425","time":"2020-02-11T19:34:27.694Z","v":0}
{"name":"1581449425","hostname":"allinerib-pc","pid":26676,"level":20,"actorType":"ACTOR1","actorId":"17814","msg":"DEBUG: Test actor JAR versions:","time":"2020-02-11T19:34:27.704Z","v":0}
{"name":"1581449425","hostname":"allinerib-pc","pid":26676,"level":20,"actorType":"ACTOR1","actorId":"17814","msg":"DEBUG:   opentest-appium-0.0.1.jar: 2020-01-26 18:59 -0600 0.0.1-9016f44150843d1d66d5a93b6786f663d70eb596","time":"2020-02-11T19:34:27.709Z","v":0}
{"name":"1581449425","hostname":"allinerib-pc","pid":26676,"level":20,"actorType":"ACTOR1","actorId":"17814","msg":"DEBUG:   opentest-base-0.0.1.jar: 2020-01-26 18:59 -0600 0.0.1-9016f44150843d1d66d5a93b6786f663d70eb596","time":"2020-02-11T19:34:27.713Z","v":0}
{"name":"1581449425","hostname":"allinerib-pc","pid":26676,"level":20,"actorType":"ACTOR1","actorId":"17814","msg":"DEBUG:   opentest-selenium-0.0.1.jar: 2020-01-26 18:59 -0600 0.0.1-9016f44150843d1d66d5a93b6786f663d70eb596","time":"2020-02-11T19:34:27.717Z","v":0}
{"name":"1581449425","hostname":"allinerib-pc","pid":26676,"level":40,"actorType":"ACTOR1","actorId":"17814","msg":"WARN: Failed to log extension JARs","time":"2020-02-11T19:34:27.722Z","v":0}
{"name":"1581449425","hostname":"allinerib-pc","pid":26676,"level":30,"actorType":"ACTOR1","actorId":"17814","msg":"==================== ACTOR1: web/kiosk ====================","time":"2020-02-11T19:34:27.773Z","v":0}
{"name":"1581449425","hostname":"allinerib-pc","pid":26676,"level":30,"actorType":"ACTOR1","actorId":"17814","msg":"Actor ACTOR1 started executing test web/kiosk...","time":"2020-02-11T19:34:27.777Z","v":0}
{"name":"1581449425","hostname":"allinerib-pc","pid":26676,"level":30,"actorType":"ACTOR1","actorId":"17814","msg":"Executing segment 1 of test web/kiosk...","time":"2020-02-11T19:34:27.801Z","v":0}
{"name":"1581449425","hostname":"allinerib-pc","pid":26676,"level":30,"actorType":"ACTOR1","actorId":"17814","msg":"Evaluating action 1/2 (org.getopentest.selenium.NavigateTo) in segment 1 (openBrowser)...","time":"2020-02-11T19:34:27.805Z","v":0}
{"name":"1581449425","hostname":"allinerib-pc","pid":26676,"level":10,"actorType":"ACTOR1","actorId":"17814","msg":"TRACE: Initializing action org.getopentest.selenium.NavigateTo...","time":"2020-02-11T19:34:27.811Z","v":0}
{"name":"1581449425","hostname":"allinerib-pc","pid":26676,"level":30,"actorType":"ACTOR1","actorId":"17814","msg":"Loading configuration from \"C:\\devqatraining\\actor1\\actor.yaml\"","time":"2020-02-11T19:34:27.820Z","v":0}
{"name":"1581449425","hostname":"allinerib-pc","pid":26676,"level":30,"actorType":"ACTOR1","actorId":"17814","msg":"Using local Selenium server","time":"2020-02-11T19:34:27.829Z","v":0}
{"name":"1581449425","hostname":"allinerib-pc","pid":26676,"level":10,"actorType":"ACTOR1","actorId":"17814","msg":"TRACE: Setting system property \"webdriver.chrome.driver\" to \"C:/Selenium/chromedriver.exe\"","time":"2020-02-11T19:34:27.834Z","v":0}
{"name":"1581449425","hostname":"allinerib-pc","pid":26676,"level":30,"actorType":"ACTOR1","actorId":"17814","msg":"Executing action org.getopentest.selenium.NavigateTo with arguments {\"url\":\"http://localhost:8123/npsharp/kiosk/pos0025/\"}...","time":"2020-02-11T19:34:37.473Z","v":0}
{"name":"1581449425","hostname":"allinerib-pc","pid":26676,"level":30,"actorType":"ACTOR1","actorId":"17814","msg":"Evaluating action 2/2 (script action) in segment 1...","time":"2020-02-11T19:34:38.280Z","v":0}
{"name":"1581449425","hostname":"allinerib-pc","pid":26676,"level":10,"actorType":"ACTOR1","actorId":"17814","msg":"TRACE: Initializing action org.getopentest.base.ScriptAction...","time":"2020-02-11T19:34:38.288Z","v":0}
{"name":"1581449425","hostname":"allinerib-pc","pid":26676,"level":30,"actorType":"ACTOR1","actorId":"17814","msg":"Executing action org.getopentest.base.ScriptAction (no arguments were provided)...","time":"2020-02-11T19:34:38.292Z","v":0}
{"name":"1581449425","hostname":"allinerib-pc","pid":26676,"level":30,"actorType":"ACTOR1","actorId":"17814","msg":"Test session has completed","time":"2020-02-11T19:36:19.299Z","v":0}
{"name":"1581449425","hostname":"allinerib-pc","pid":26676,"level":10,"actorType":"ACTOR1","actorId":"17814","msg":"TRACE: Firing TEST_COMPLETED event...","time":"2020-02-11T19:36:19.303Z","v":0}
{"name":"1581449425","hostname":"allinerib-pc","pid":26676,"level":20,"actorType":"ACTOR1","actorId":"17814","msg":"DEBUG: The browser log entries were: \n >>>>> LEVEL: WARNING | TIMESTAMP: 1581449779879 | MESSAGE: http://localhost:8123/npsharp/kiosk/pos0025/cso/services/logger/logger.js 0:1881 \"20200211 163453.727 WRN at [e.onOutagesChange] Products on outage: []\" >>>>> LEVEL: WARNING | TIMESTAMP: 1581449779884 | MESSAGE: http://localhost:8123/npsharp/kiosk/pos0025/cso/services/logger/logger.js 0:1881 \"20200211 163458.793 WRN at [e.goHome] Cannot execute workflow\"","time":"2020-02-11T19:36:19.508Z","v":0}
{"name":"1581449425","hostname":"allinerib-pc","pid":26676,"level":10,"actorType":"ACTOR1","actorId":"17814","msg":"TRACE: Firing SESSION_COMPLETED event...","time":"2020-02-11T19:36:20.155Z","v":0}
{"name":"1581449425","hostname":"allinerib-pc","pid":26676,"level":30,"actorType":"ACTOR1","actorId":"17814","msg":"Actor 17814 of type ACTOR1 with no tags is waiting to be acquired by a test session...","time":"2020-02-11T19:36:20.158Z","v":0}
{"name":"1581449425","hostname":"allinerib-pc","pid":26676,"level":10,"actorType":"ACTOR1","actorId":"17814","msg":"TRACE: Initializing test session information in the \"announce\" method...","time":"2020-02-11T20:03:14.831Z","v":0}
{"name":"1581449425","hostname":"allinerib-pc","pid":26676,"level":10,"actorType":"ACTOR1","actorId":"17814","msg":"TRACE: Session ID in sync server response was 1581451390; actor session ID was null","time":"2020-02-11T20:03:14.835Z","v":0}
{"name":"1581449425","hostname":"allinerib-pc","pid":26676,"level":20,"actorType":"ACTOR1","actorId":"17814","msg":"DEBUG: The browser log entries were: \n >>>>> LEVEL: WARNING | TIMESTAMP: 1581451445110 | MESSAGE: http://localhost:8123/npsharp/kiosk/pos0025/cso/services/logger/logger.js 0:1881 \"20200211 170340.359 WRN at [e.onOutagesChange] Products on outage: []\" >>>>> LEVEL: WARNING | TIMESTAMP: 1581451445115 | MESSAGE: http://localhost:8123/npsharp/kiosk/pos0025/cso/services/logger/logger.js 0:1881 \"20200211 170345.410 WRN at [e.goHome] Cannot execute workflow\"","time":"2020-02-11T20:04:17.614Z","v":0}
{"name":"1581449425","hostname":"allinerib-pc","pid":26676,"level":20,"actorType":"ACTOR1","actorId":"17814","msg":"DEBUG: The browser log entries were: \n >>>>> LEVEL: WARNING | TIMESTAMP: 1581451540371 | MESSAGE: http://localhost:8123/npsharp/kiosk/pos0025/cso/services/logger/logger.js 0:1881 \"20200211 170514.328 WRN at [e.onOutagesChange] Products on outage: []\" >>>>> LEVEL: WARNING | TIMESTAMP: 1581451540377 | MESSAGE: http://localhost:8123/npsharp/kiosk/pos0025/cso/services/logger/logger.js 0:1881 \"20200211 170519.383 WRN at [e.goHome] Cannot execute workflow\"","time":"2020-02-11T20:05:41.107Z","v":0}
