{"name":"1581691784","hostname":"allinerib-pc","pid":25216,"level":20,"msg":"Sync server version: 1.1.10 2020-01-26 18:59:22 -0600 9016f44150843d1d66d5a93b6786f663d70eb596","time":"2020-02-14T14:49:43.749Z","v":0}
{"name":"1581691784","hostname":"allinerib-pc","pid":25216,"level":30,"msg":"Acquiring actors for session 1581691784: ACTOR1","time":"2020-02-14T14:49:43.752Z","v":0}
{"name":"1581691784","hostname":"allinerib-pc","pid":25216,"level":30,"msg":"Session 1581691784 with label \"Session 1581691162 5\" started at 2020-02-14 14:49:43 UTC","time":"2020-02-14T14:49:43.756Z","v":0}
{"name":"1581691784","hostname":"allinerib-pc","pid":25216,"level":30,"actorType":"ACTOR1","actorId":"61801","msg":"Actor 61801 of type ACTOR1 was acquired by test session 1581691784","time":"2020-02-14T14:49:47.219Z","v":0}
{"name":"1581691784","hostname":"allinerib-pc","pid":25216,"level":20,"actorType":"ACTOR1","actorId":"61801","msg":"DEBUG: Test actor JAR versions:","time":"2020-02-14T14:49:47.230Z","v":0}
{"name":"1581691784","hostname":"allinerib-pc","pid":25216,"level":20,"actorType":"ACTOR1","actorId":"61801","msg":"DEBUG:   opentest-appium-0.0.1.jar: 2020-01-26 18:59 -0600 0.0.1-9016f44150843d1d66d5a93b6786f663d70eb596","time":"2020-02-14T14:49:47.234Z","v":0}
{"name":"1581691784","hostname":"allinerib-pc","pid":25216,"level":20,"actorType":"ACTOR1","actorId":"61801","msg":"DEBUG:   opentest-base-0.0.1.jar: 2020-01-26 18:59 -0600 0.0.1-9016f44150843d1d66d5a93b6786f663d70eb596","time":"2020-02-14T14:49:47.239Z","v":0}
{"name":"1581691784","hostname":"allinerib-pc","pid":25216,"level":20,"actorType":"ACTOR1","actorId":"61801","msg":"DEBUG:   opentest-selenium-0.0.1.jar: 2020-01-26 18:59 -0600 0.0.1-9016f44150843d1d66d5a93b6786f663d70eb596","time":"2020-02-14T14:49:47.243Z","v":0}
{"name":"1581691784","hostname":"allinerib-pc","pid":25216,"level":40,"actorType":"ACTOR1","actorId":"61801","msg":"WARN: Failed to log extension JARs","time":"2020-02-14T14:49:47.247Z","v":0}
{"name":"1581691784","hostname":"allinerib-pc","pid":25216,"level":30,"actorType":"ACTOR1","actorId":"61801","msg":"==================== ACTOR1: web/kiosk ====================","time":"2020-02-14T14:49:47.289Z","v":0}
{"name":"1581691784","hostname":"allinerib-pc","pid":25216,"level":30,"actorType":"ACTOR1","actorId":"61801","msg":"Actor ACTOR1 started executing test web/kiosk...","time":"2020-02-14T14:49:47.294Z","v":0}
{"name":"1581691784","hostname":"allinerib-pc","pid":25216,"level":30,"actorType":"ACTOR1","actorId":"61801","msg":"Executing segment 1 of test web/kiosk...","time":"2020-02-14T14:49:47.316Z","v":0}
{"name":"1581691784","hostname":"allinerib-pc","pid":25216,"level":30,"actorType":"ACTOR1","actorId":"61801","msg":"Evaluating action 1/7 (org.getopentest.selenium.NavigateTo) in segment 1 (openBrowser)...","time":"2020-02-14T14:49:47.321Z","v":0}
{"name":"1581691784","hostname":"allinerib-pc","pid":25216,"level":10,"actorType":"ACTOR1","actorId":"61801","msg":"TRACE: Initializing action org.getopentest.selenium.NavigateTo...","time":"2020-02-14T14:49:47.324Z","v":0}
{"name":"1581691784","hostname":"allinerib-pc","pid":25216,"level":30,"actorType":"ACTOR1","actorId":"61801","msg":"Using local Selenium server","time":"2020-02-14T14:49:47.327Z","v":0}
{"name":"1581691784","hostname":"allinerib-pc","pid":25216,"level":10,"actorType":"ACTOR1","actorId":"61801","msg":"TRACE: Setting system property \"webdriver.chrome.driver\" to \"C:/Selenium/chromedriver.exe\"","time":"2020-02-14T14:49:47.331Z","v":0}
{"name":"1581691784","hostname":"allinerib-pc","pid":25216,"level":30,"actorType":"ACTOR1","actorId":"61801","msg":"Executing action org.getopentest.selenium.NavigateTo with arguments {\"url\":\"http://localhost:8123/npsharp/kiosk/pos0025/\"}...","time":"2020-02-14T14:49:56.870Z","v":0}
{"name":"1581691784","hostname":"allinerib-pc","pid":25216,"level":30,"actorType":"ACTOR1","actorId":"61801","msg":"Evaluating action 2/7 (script action) in segment 1...","time":"2020-02-14T14:49:57.346Z","v":0}
{"name":"1581691784","hostname":"allinerib-pc","pid":25216,"level":10,"actorType":"ACTOR1","actorId":"61801","msg":"TRACE: Initializing action org.getopentest.base.ScriptAction...","time":"2020-02-14T14:49:57.353Z","v":0}
{"name":"1581691784","hostname":"allinerib-pc","pid":25216,"level":30,"actorType":"ACTOR1","actorId":"61801","msg":"Executing action org.getopentest.base.ScriptAction (no arguments were provided)...","time":"2020-02-14T14:49:57.358Z","v":0}
{"name":"1581691784","hostname":"allinerib-pc","pid":25216,"level":30,"actorType":"ACTOR1","actorId":"61801","msg":"Evaluating action 3/7 (org.getopentest.selenium.Click) in segment 1 (click at \"Accessibility\" button)...","time":"2020-02-14T14:50:17.363Z","v":0}
{"name":"1581691784","hostname":"allinerib-pc","pid":25216,"level":10,"actorType":"ACTOR1","actorId":"61801","msg":"TRACE: Initializing action org.getopentest.selenium.Click...","time":"2020-02-14T14:50:17.367Z","v":0}
{"name":"1581691784","hostname":"allinerib-pc","pid":25216,"level":30,"actorType":"ACTOR1","actorId":"61801","msg":"Executing action org.getopentest.selenium.Click with arguments {\"locator\":{\"xpath\":\"//span[contains(.,'Accessibility')]\"}}...","time":"2020-02-14T14:50:17.373Z","v":0}
{"name":"1581691784","hostname":"allinerib-pc","pid":25216,"level":30,"actorType":"ACTOR1","actorId":"61801","msg":"Evaluating action 4/7 (org.getopentest.selenium.Click) in segment 1 (click at \"No thanks\" button)...","time":"2020-02-14T14:50:21.104Z","v":0}
{"name":"1581691784","hostname":"allinerib-pc","pid":25216,"level":10,"actorType":"ACTOR1","actorId":"61801","msg":"TRACE: Initializing action org.getopentest.selenium.Click...","time":"2020-02-14T14:50:21.109Z","v":0}
{"name":"1581691784","hostname":"allinerib-pc","pid":25216,"level":30,"actorType":"ACTOR1","actorId":"61801","msg":"Executing action org.getopentest.selenium.Click with arguments {\"locator\":{\"xpath\":\"//span[contains(.,'No Thanks')]\"}}...","time":"2020-02-14T14:50:21.112Z","v":0}
{"name":"1581691784","hostname":"allinerib-pc","pid":25216,"level":30,"actorType":"ACTOR1","actorId":"61801","msg":"Evaluating action 5/7 (org.getopentest.selenium.Click) in segment 1 (click at \"Eat In\" button)...","time":"2020-02-14T14:50:21.806Z","v":0}
{"name":"1581691784","hostname":"allinerib-pc","pid":25216,"level":10,"actorType":"ACTOR1","actorId":"61801","msg":"TRACE: Initializing action org.getopentest.selenium.Click...","time":"2020-02-14T14:50:21.813Z","v":0}
{"name":"1581691784","hostname":"allinerib-pc","pid":25216,"level":30,"actorType":"ACTOR1","actorId":"61801","msg":"Executing action org.getopentest.selenium.Click with arguments {\"locator\":{\"xpath\":\"//span[contains(.,'Eat In')]\"}}...","time":"2020-02-14T14:50:21.818Z","v":0}
{"name":"1581691784","hostname":"allinerib-pc","pid":25216,"level":30,"actorType":"ACTOR1","actorId":"61801","msg":"Evaluating action 6/7 (org.getopentest.selenium.Click) in segment 1 (click at \"Pay at counter\" button)...","time":"2020-02-14T14:50:22.500Z","v":0}
{"name":"1581691784","hostname":"allinerib-pc","pid":25216,"level":10,"actorType":"ACTOR1","actorId":"61801","msg":"TRACE: Initializing action org.getopentest.selenium.Click...","time":"2020-02-14T14:50:22.505Z","v":0}
{"name":"1581691784","hostname":"allinerib-pc","pid":25216,"level":30,"actorType":"ACTOR1","actorId":"61801","msg":"Executing action org.getopentest.selenium.Click with arguments {\"locator\":{\"xpath\":\"//b[contains(.,'Pay at counter')]\"}}...","time":"2020-02-14T14:50:22.510Z","v":0}
{"name":"1581691784","hostname":"allinerib-pc","pid":25216,"level":30,"actorType":"ACTOR1","actorId":"61801","msg":"Evaluating action 7/7 (org.getopentest.selenium.Click) in segment 1 (click at \"Pay at counter\" button)...","time":"2020-02-14T14:50:23.244Z","v":0}
{"name":"1581691784","hostname":"allinerib-pc","pid":25216,"level":10,"actorType":"ACTOR1","actorId":"61801","msg":"TRACE: Initializing action org.getopentest.selenium.Click...","time":"2020-02-14T14:50:23.248Z","v":0}
{"name":"1581691784","hostname":"allinerib-pc","pid":25216,"level":30,"actorType":"ACTOR1","actorId":"61801","msg":"Executing action org.getopentest.selenium.Click with arguments {\"locator\":{\"css\":\".reachmode-category-menu > .media\"}}...","time":"2020-02-14T14:50:23.251Z","v":0}
{"name":"1581691784","hostname":"allinerib-pc","pid":25216,"level":30,"actorType":"ACTOR1","actorId":"61801","msg":"Test session has completed","time":"2020-02-14T14:50:24.626Z","v":0}
{"name":"1581691784","hostname":"allinerib-pc","pid":25216,"level":10,"actorType":"ACTOR1","actorId":"61801","msg":"TRACE: Firing TEST_COMPLETED event...","time":"2020-02-14T14:50:24.628Z","v":0}
{"name":"1581691784","hostname":"allinerib-pc","pid":25216,"level":10,"actorType":"ACTOR1","actorId":"61801","msg":"TRACE: Firing SESSION_COMPLETED event...","time":"2020-02-14T14:50:25.289Z","v":0}
{"name":"1581691784","hostname":"allinerib-pc","pid":25216,"level":30,"actorType":"ACTOR1","actorId":"61801","msg":"Actor 61801 of type ACTOR1 with no tags is waiting to be acquired by a test session...","time":"2020-02-14T14:50:25.293Z","v":0}
{"name":"1581691784","hostname":"allinerib-pc","pid":25216,"level":10,"actorType":"ACTOR1","actorId":"61801","msg":"TRACE: Initializing test session information in the \"announce\" method...","time":"2020-02-14T14:51:01.878Z","v":0}
{"name":"1581691784","hostname":"allinerib-pc","pid":25216,"level":10,"actorType":"ACTOR1","actorId":"61801","msg":"TRACE: Session ID in sync server response was 1581691860; actor session ID was null","time":"2020-02-14T14:51:01.882Z","v":0}
